2018-11-29 17:52:22 trace :
------------
String:
<xml><ToUserName><![CDATA[gh_beb5adfd77ba]]></ToUserName>
<FromUserName><![CDATA[o22qy1Se3KYH5bBFbYc2cpTt2-0Q]]></FromUserName>
<CreateTime>1543485142</CreateTime>
<MsgType><![CDATA[event]]></MsgType>
<Event><![CDATA[subscribe]]></Event>
<EventKey><![CDATA[]]></EventKey>
</xml>

2018-11-29 17:52:22 params :
------------
String:
array (
  'rule' => -2,
  'module' => '',
  'message' => 
  array (
    'tousername' => 'gh_beb5adfd77ba',
    'fromusername' => 'o22qy1Se3KYH5bBFbYc2cpTt2-0Q',
    'createtime' => '1543485142',
    'msgtype' => 'event',
    'event' => 'subscribe',
    'eventkey' => '',
    'from' => 'o22qy1Se3KYH5bBFbYc2cpTt2-0Q',
    'to' => 'gh_beb5adfd77ba',
    'time' => '1543485142',
    'type' => 'text',
    'redirection' => true,
    'source' => 'subscribe',
  ),
)

2018-11-29 17:52:22 response :
------------

2018-11-29 17:52:24 trace :
------------
String:
<xml><ToUserName><![CDATA[gh_beb5adfd77ba]]></ToUserName>
<FromUserName><![CDATA[o22qy1Se3KYH5bBFbYc2cpTt2-0Q]]></FromUserName>
<CreateTime>1543485144</CreateTime>
<MsgType><![CDATA[event]]></MsgType>
<Event><![CDATA[VIEW]]></Event>
<EventKey><![CDATA[http://ydd.gzchujiao.com/app/index.php?i=1&c=entry&m=ewei_shopv2&do=mobile]]></EventKey>
<MenuId>462400649</MenuId>
</xml>

2018-11-29 17:52:24 params :
------------
String:
array (
  'rule' => -2,
  'module' => '',
  'message' => 
  array (
    'tousername' => 'gh_beb5adfd77ba',
    'fromusername' => 'o22qy1Se3KYH5bBFbYc2cpTt2-0Q',
    'createtime' => '1543485144',
    'msgtype' => 'event',
    'event' => 'VIEW',
    'eventkey' => 'http://ydd.gzchujiao.com/app/index.php?i=1&c=entry&m=ewei_shopv2&do=mobile',
    'menuid' => '462400649',
    'from' => 'o22qy1Se3KYH5bBFbYc2cpTt2-0Q',
    'to' => 'gh_beb5adfd77ba',
    'time' => '1543485144',
    'type' => 'text',
    'content' => 'http://ydd.gzchujiao.com/app/index.php?i=1&c=entry&m=ewei_shopv2&do=mobile',
    'redirection' => true,
    'source' => 'VIEW',
  ),
)

2018-11-29 17:52:24 response :
------------

2018-11-29 17:52:28 trace :
------------
String:
<xml><ToUserName><![CDATA[gh_beb5adfd77ba]]></ToUserName>
<FromUserName><![CDATA[o22qy1Se3KYH5bBFbYc2cpTt2-0Q]]></FromUserName>
<CreateTime>1543485148</CreateTime>
<MsgType><![CDATA[event]]></MsgType>
<Event><![CDATA[VIEW]]></Event>
<EventKey><![CDATA[http://ydd.gzchujiao.com/app/index.php?i=1&c=entry&m=ewei_shopv2&do=mobile&r=member]]></EventKey>
<MenuId>462400649</MenuId>
</xml>

2018-11-29 17:52:28 params :
------------
String:
array (
  'rule' => -2,
  'module' => '',
  'message' => 
  array (
    'tousername' => 'gh_beb5adfd77ba',
    'fromusername' => 'o22qy1Se3KYH5bBFbYc2cpTt2-0Q',
    'createtime' => '1543485148',
    'msgtype' => 'event',
    'event' => 'VIEW',
    'eventkey' => 'http://ydd.gzchujiao.com/app/index.php?i=1&c=entry&m=ewei_shopv2&do=mobile&r=member',
    'menuid' => '462400649',
    'from' => 'o22qy1Se3KYH5bBFbYc2cpTt2-0Q',
    'to' => 'gh_beb5adfd77ba',
    'time' => '1543485148',
    'type' => 'text',
    'content' => 'http://ydd.gzchujiao.com/app/index.php?i=1&c=entry&m=ewei_shopv2&do=mobile&r=member',
    'redirection' => true,
    'source' => 'VIEW',
  ),
)

2018-11-29 17:52:28 response :
------------

2018-11-29 17:53:57 trace :
------------
String:
<xml><ToUserName><![CDATA[gh_beb5adfd77ba]]></ToUserName>
<FromUserName><![CDATA[o22qy1Se3KYH5bBFbYc2cpTt2-0Q]]></FromUserName>
<CreateTime>1543485237</CreateTime>
<MsgType><![CDATA[event]]></MsgType>
<Event><![CDATA[unsubscribe]]></Event>
<EventKey><![CDATA[]]></EventKey>
</xml>

