2018-12-01 05:25:11 trace :
------------
String:
<xml><ToUserName><![CDATA[gh_beb5adfd77ba]]></ToUserName>
<FromUserName><![CDATA[o22qy1fmN_PNatiOENL3fiKkKsZs]]></FromUserName>
<CreateTime>1543613111</CreateTime>
<MsgType><![CDATA[event]]></MsgType>
<Event><![CDATA[subscribe]]></Event>
<EventKey><![CDATA[]]></EventKey>
</xml>

2018-12-01 05:25:11 params :
------------
String:
array (
  'rule' => -2,
  'module' => '',
  'message' => 
  array (
    'tousername' => 'gh_beb5adfd77ba',
    'fromusername' => 'o22qy1fmN_PNatiOENL3fiKkKsZs',
    'createtime' => '1543613111',
    'msgtype' => 'event',
    'event' => 'subscribe',
    'eventkey' => '',
    'from' => 'o22qy1fmN_PNatiOENL3fiKkKsZs',
    'to' => 'gh_beb5adfd77ba',
    'time' => '1543613111',
    'type' => 'text',
    'redirection' => true,
    'source' => 'subscribe',
  ),
)

2018-12-01 05:25:11 response :
------------

2018-12-01 05:25:13 trace :
------------
String:
<xml><ToUserName><![CDATA[gh_beb5adfd77ba]]></ToUserName>
<FromUserName><![CDATA[o22qy1fmN_PNatiOENL3fiKkKsZs]]></FromUserName>
<CreateTime>1543613113</CreateTime>
<MsgType><![CDATA[event]]></MsgType>
<Event><![CDATA[VIEW]]></Event>
<EventKey><![CDATA[http://ydd.gzchujiao.com/app/index.php?i=1&c=entry&m=ewei_shopv2&do=mobile]]></EventKey>
<MenuId>462400649</MenuId>
</xml>

2018-12-01 05:25:13 params :
------------
String:
array (
  'rule' => -2,
  'module' => '',
  'message' => 
  array (
    'tousername' => 'gh_beb5adfd77ba',
    'fromusername' => 'o22qy1fmN_PNatiOENL3fiKkKsZs',
    'createtime' => '1543613113',
    'msgtype' => 'event',
    'event' => 'VIEW',
    'eventkey' => 'http://ydd.gzchujiao.com/app/index.php?i=1&c=entry&m=ewei_shopv2&do=mobile',
    'menuid' => '462400649',
    'from' => 'o22qy1fmN_PNatiOENL3fiKkKsZs',
    'to' => 'gh_beb5adfd77ba',
    'time' => '1543613113',
    'type' => 'text',
    'content' => 'http://ydd.gzchujiao.com/app/index.php?i=1&c=entry&m=ewei_shopv2&do=mobile',
    'redirection' => true,
    'source' => 'VIEW',
  ),
)

2018-12-01 05:25:13 response :
------------

2018-12-01 05:26:25 trace :
------------
String:
<xml><ToUserName><![CDATA[gh_beb5adfd77ba]]></ToUserName>
<FromUserName><![CDATA[o22qy1fmN_PNatiOENL3fiKkKsZs]]></FromUserName>
<CreateTime>1543613185</CreateTime>
<MsgType><![CDATA[event]]></MsgType>
<Event><![CDATA[VIEW]]></Event>
<EventKey><![CDATA[http://ydd.gzchujiao.com/app/index.php?i=1&c=entry&m=ewei_shopv2&do=mobile&r=member]]></EventKey>
<MenuId>462400649</MenuId>
</xml>

2018-12-01 05:26:25 params :
------------
String:
array (
  'rule' => -2,
  'module' => '',
  'message' => 
  array (
    'tousername' => 'gh_beb5adfd77ba',
    'fromusername' => 'o22qy1fmN_PNatiOENL3fiKkKsZs',
    'createtime' => '1543613185',
    'msgtype' => 'event',
    'event' => 'VIEW',
    'eventkey' => 'http://ydd.gzchujiao.com/app/index.php?i=1&c=entry&m=ewei_shopv2&do=mobile&r=member',
    'menuid' => '462400649',
    'from' => 'o22qy1fmN_PNatiOENL3fiKkKsZs',
    'to' => 'gh_beb5adfd77ba',
    'time' => '1543613185',
    'type' => 'text',
    'content' => 'http://ydd.gzchujiao.com/app/index.php?i=1&c=entry&m=ewei_shopv2&do=mobile&r=member',
    'redirection' => true,
    'source' => 'VIEW',
  ),
)

2018-12-01 05:26:25 response :
------------

2018-12-01 05:28:05 trace :
------------
String:
<xml><ToUserName><![CDATA[gh_beb5adfd77ba]]></ToUserName>
<FromUserName><![CDATA[o22qy1fmN_PNatiOENL3fiKkKsZs]]></FromUserName>
<CreateTime>1543613285</CreateTime>
<MsgType><![CDATA[event]]></MsgType>
<Event><![CDATA[unsubscribe]]></Event>
<EventKey><![CDATA[]]></EventKey>
</xml>

