2018-11-23 18:17:56 trace :
------------
String:
<xml><ToUserName><![CDATA[gh_beb5adfd77ba]]></ToUserName>
<FromUserName><![CDATA[o22qy1R_m_xYc5gKs1v50N951g7E]]></FromUserName>
<CreateTime>1542968276</CreateTime>
<MsgType><![CDATA[event]]></MsgType>
<Event><![CDATA[VIEW]]></Event>
<EventKey><![CDATA[http://ydd.gzchujiao.com/app/index.php?i=1&c=entry&m=ewei_shopv2&do=mobile]]></EventKey>
<MenuId>462400649</MenuId>
</xml>

2018-11-23 18:17:56 params :
------------
String:
array (
  'rule' => -2,
  'module' => '',
  'message' => 
  array (
    'tousername' => 'gh_beb5adfd77ba',
    'fromusername' => 'o22qy1R_m_xYc5gKs1v50N951g7E',
    'createtime' => '1542968276',
    'msgtype' => 'event',
    'event' => 'VIEW',
    'eventkey' => 'http://ydd.gzchujiao.com/app/index.php?i=1&c=entry&m=ewei_shopv2&do=mobile',
    'menuid' => '462400649',
    'from' => 'o22qy1R_m_xYc5gKs1v50N951g7E',
    'to' => 'gh_beb5adfd77ba',
    'time' => '1542968276',
    'type' => 'text',
    'content' => 'http://ydd.gzchujiao.com/app/index.php?i=1&c=entry&m=ewei_shopv2&do=mobile',
    'redirection' => true,
    'source' => 'VIEW',
  ),
)

2018-11-23 18:17:56 response :
------------

2018-11-23 18:18:08 trace :
------------
String:
<xml><ToUserName><![CDATA[gh_beb5adfd77ba]]></ToUserName>
<FromUserName><![CDATA[o22qy1R_m_xYc5gKs1v50N951g7E]]></FromUserName>
<CreateTime>1542968288</CreateTime>
<MsgType><![CDATA[event]]></MsgType>
<Event><![CDATA[unsubscribe]]></Event>
<EventKey><![CDATA[]]></EventKey>
</xml>

2018-11-23 18:18:11 trace :
------------
String:
<xml><ToUserName><![CDATA[gh_beb5adfd77ba]]></ToUserName>
<FromUserName><![CDATA[o22qy1R_m_xYc5gKs1v50N951g7E]]></FromUserName>
<CreateTime>1542968291</CreateTime>
<MsgType><![CDATA[event]]></MsgType>
<Event><![CDATA[subscribe]]></Event>
<EventKey><![CDATA[]]></EventKey>
</xml>

2018-11-23 18:18:11 params :
------------
String:
array (
  'rule' => -2,
  'module' => '',
  'message' => 
  array (
    'tousername' => 'gh_beb5adfd77ba',
    'fromusername' => 'o22qy1R_m_xYc5gKs1v50N951g7E',
    'createtime' => '1542968291',
    'msgtype' => 'event',
    'event' => 'subscribe',
    'eventkey' => '',
    'from' => 'o22qy1R_m_xYc5gKs1v50N951g7E',
    'to' => 'gh_beb5adfd77ba',
    'time' => '1542968291',
    'type' => 'text',
    'redirection' => true,
    'source' => 'subscribe',
  ),
)

2018-11-23 18:18:11 response :
------------

2018-11-23 18:18:13 trace :
------------
String:
<xml><ToUserName><![CDATA[gh_beb5adfd77ba]]></ToUserName>
<FromUserName><![CDATA[o22qy1R_m_xYc5gKs1v50N951g7E]]></FromUserName>
<CreateTime>1542968293</CreateTime>
<MsgType><![CDATA[event]]></MsgType>
<Event><![CDATA[VIEW]]></Event>
<EventKey><![CDATA[http://ydd.gzchujiao.com/app/index.php?i=1&c=entry&m=ewei_shopv2&do=mobile]]></EventKey>
<MenuId>462400649</MenuId>
</xml>

2018-11-23 18:18:13 params :
------------
String:
array (
  'rule' => -2,
  'module' => '',
  'message' => 
  array (
    'tousername' => 'gh_beb5adfd77ba',
    'fromusername' => 'o22qy1R_m_xYc5gKs1v50N951g7E',
    'createtime' => '1542968293',
    'msgtype' => 'event',
    'event' => 'VIEW',
    'eventkey' => 'http://ydd.gzchujiao.com/app/index.php?i=1&c=entry&m=ewei_shopv2&do=mobile',
    'menuid' => '462400649',
    'from' => 'o22qy1R_m_xYc5gKs1v50N951g7E',
    'to' => 'gh_beb5adfd77ba',
    'time' => '1542968293',
    'type' => 'text',
    'content' => 'http://ydd.gzchujiao.com/app/index.php?i=1&c=entry&m=ewei_shopv2&do=mobile',
    'redirection' => true,
    'source' => 'VIEW',
  ),
)

2018-11-23 18:18:13 response :
------------

2018-11-23 18:37:28 trace :
------------
String:
<xml><ToUserName><![CDATA[gh_beb5adfd77ba]]></ToUserName>
<FromUserName><![CDATA[o22qy1R_m_xYc5gKs1v50N951g7E]]></FromUserName>
<CreateTime>1542969448</CreateTime>
<MsgType><![CDATA[event]]></MsgType>
<Event><![CDATA[VIEW]]></Event>
<EventKey><![CDATA[http://ydd.gzchujiao.com/app/index.php?i=1&c=entry&m=ewei_shopv2&do=mobile]]></EventKey>
<MenuId>462400649</MenuId>
</xml>

2018-11-23 18:37:28 params :
------------
String:
array (
  'rule' => -2,
  'module' => '',
  'message' => 
  array (
    'tousername' => 'gh_beb5adfd77ba',
    'fromusername' => 'o22qy1R_m_xYc5gKs1v50N951g7E',
    'createtime' => '1542969448',
    'msgtype' => 'event',
    'event' => 'VIEW',
    'eventkey' => 'http://ydd.gzchujiao.com/app/index.php?i=1&c=entry&m=ewei_shopv2&do=mobile',
    'menuid' => '462400649',
    'from' => 'o22qy1R_m_xYc5gKs1v50N951g7E',
    'to' => 'gh_beb5adfd77ba',
    'time' => '1542969448',
    'type' => 'text',
    'content' => 'http://ydd.gzchujiao.com/app/index.php?i=1&c=entry&m=ewei_shopv2&do=mobile',
    'redirection' => true,
    'source' => 'VIEW',
  ),
)

2018-11-23 18:37:28 response :
------------

2018-11-23 22:24:12 trace :
------------
String:
<xml><ToUserName><![CDATA[gh_beb5adfd77ba]]></ToUserName>
<FromUserName><![CDATA[o22qy1R_m_xYc5gKs1v50N951g7E]]></FromUserName>
<CreateTime>1542983052</CreateTime>
<MsgType><![CDATA[event]]></MsgType>
<Event><![CDATA[VIEW]]></Event>
<EventKey><![CDATA[http://ydd.gzchujiao.com/app/index.php?i=1&c=entry&m=ewei_shopv2&do=mobile]]></EventKey>
<MenuId>462400649</MenuId>
</xml>

2018-11-23 22:24:12 params :
------------
String:
array (
  'rule' => -2,
  'module' => '',
  'message' => 
  array (
    'tousername' => 'gh_beb5adfd77ba',
    'fromusername' => 'o22qy1R_m_xYc5gKs1v50N951g7E',
    'createtime' => '1542983052',
    'msgtype' => 'event',
    'event' => 'VIEW',
    'eventkey' => 'http://ydd.gzchujiao.com/app/index.php?i=1&c=entry&m=ewei_shopv2&do=mobile',
    'menuid' => '462400649',
    'from' => 'o22qy1R_m_xYc5gKs1v50N951g7E',
    'to' => 'gh_beb5adfd77ba',
    'time' => '1542983052',
    'type' => 'text',
    'content' => 'http://ydd.gzchujiao.com/app/index.php?i=1&c=entry&m=ewei_shopv2&do=mobile',
    'redirection' => true,
    'source' => 'VIEW',
  ),
)

2018-11-23 22:24:12 response :
------------

2018-11-23 22:24:22 trace :
------------
String:
<xml><ToUserName><![CDATA[gh_beb5adfd77ba]]></ToUserName>
<FromUserName><![CDATA[o22qy1R_m_xYc5gKs1v50N951g7E]]></FromUserName>
<CreateTime>1542983062</CreateTime>
<MsgType><![CDATA[event]]></MsgType>
<Event><![CDATA[VIEW]]></Event>
<EventKey><![CDATA[http://ydd.gzchujiao.com/app/index.php?i=1&c=entry&m=ewei_shopv2&do=mobile]]></EventKey>
<MenuId>462400649</MenuId>
</xml>

2018-11-23 22:24:22 params :
------------
String:
array (
  'rule' => -2,
  'module' => '',
  'message' => 
  array (
    'tousername' => 'gh_beb5adfd77ba',
    'fromusername' => 'o22qy1R_m_xYc5gKs1v50N951g7E',
    'createtime' => '1542983062',
    'msgtype' => 'event',
    'event' => 'VIEW',
    'eventkey' => 'http://ydd.gzchujiao.com/app/index.php?i=1&c=entry&m=ewei_shopv2&do=mobile',
    'menuid' => '462400649',
    'from' => 'o22qy1R_m_xYc5gKs1v50N951g7E',
    'to' => 'gh_beb5adfd77ba',
    'time' => '1542983062',
    'type' => 'text',
    'content' => 'http://ydd.gzchujiao.com/app/index.php?i=1&c=entry&m=ewei_shopv2&do=mobile',
    'redirection' => true,
    'source' => 'VIEW',
  ),
)

2018-11-23 22:24:22 response :
------------

2018-11-23 23:18:42 trace :
------------
String:
<xml><ToUserName><![CDATA[gh_beb5adfd77ba]]></ToUserName>
<FromUserName><![CDATA[o22qy1Tgxq1AoG6N1FA8St_OPe5k]]></FromUserName>
<CreateTime>1542986319</CreateTime>
<MsgType><![CDATA[event]]></MsgType>
<Event><![CDATA[VIEW]]></Event>
<EventKey><![CDATA[http://ydd.gzchujiao.com/app/index.php?i=1&c=entry&m=ewei_shopv2&do=mobile]]></EventKey>
<MenuId>462400649</MenuId>
</xml>

2018-11-23 23:18:44 trace :
------------
String:
<xml><ToUserName><![CDATA[gh_beb5adfd77ba]]></ToUserName>
<FromUserName><![CDATA[o22qy1Tgxq1AoG6N1FA8St_OPe5k]]></FromUserName>
<CreateTime>1542986319</CreateTime>
<MsgType><![CDATA[event]]></MsgType>
<Event><![CDATA[VIEW]]></Event>
<EventKey><![CDATA[http://ydd.gzchujiao.com/app/index.php?i=1&c=entry&m=ewei_shopv2&do=mobile]]></EventKey>
<MenuId>462400649</MenuId>
</xml>

2018-11-23 23:18:45 params :
------------
String:
array (
  'rule' => -2,
  'module' => '',
  'message' => 
  array (
    'tousername' => 'gh_beb5adfd77ba',
    'fromusername' => 'o22qy1Tgxq1AoG6N1FA8St_OPe5k',
    'createtime' => '1542986319',
    'msgtype' => 'event',
    'event' => 'VIEW',
    'eventkey' => 'http://ydd.gzchujiao.com/app/index.php?i=1&c=entry&m=ewei_shopv2&do=mobile',
    'menuid' => '462400649',
    'from' => 'o22qy1Tgxq1AoG6N1FA8St_OPe5k',
    'to' => 'gh_beb5adfd77ba',
    'time' => '1542986319',
    'type' => 'text',
    'content' => 'http://ydd.gzchujiao.com/app/index.php?i=1&c=entry&m=ewei_shopv2&do=mobile',
    'redirection' => true,
    'source' => 'VIEW',
  ),
)

2018-11-23 23:18:45 response :
------------

2018-11-23 23:18:45 params :
------------
String:
array (
  'rule' => -2,
  'module' => '',
  'message' => 
  array (
    'tousername' => 'gh_beb5adfd77ba',
    'fromusername' => 'o22qy1Tgxq1AoG6N1FA8St_OPe5k',
    'createtime' => '1542986319',
    'msgtype' => 'event',
    'event' => 'VIEW',
    'eventkey' => 'http://ydd.gzchujiao.com/app/index.php?i=1&c=entry&m=ewei_shopv2&do=mobile',
    'menuid' => '462400649',
    'from' => 'o22qy1Tgxq1AoG6N1FA8St_OPe5k',
    'to' => 'gh_beb5adfd77ba',
    'time' => '1542986319',
    'type' => 'text',
    'content' => 'http://ydd.gzchujiao.com/app/index.php?i=1&c=entry&m=ewei_shopv2&do=mobile',
    'redirection' => true,
    'source' => 'VIEW',
  ),
)

2018-11-23 23:18:45 response :
------------

2018-11-23 23:19:12 trace :
------------
String:
<xml><ToUserName><![CDATA[gh_beb5adfd77ba]]></ToUserName>
<FromUserName><![CDATA[o22qy1Tgxq1AoG6N1FA8St_OPe5k]]></FromUserName>
<CreateTime>1542986337</CreateTime>
<MsgType><![CDATA[event]]></MsgType>
<Event><![CDATA[VIEW]]></Event>
<EventKey><![CDATA[http://ydd.gzchujiao.com/app/index.php?i=1&c=entry&m=ewei_shopv2&do=mobile]]></EventKey>
<MenuId>462400649</MenuId>
</xml>

2018-11-23 23:19:14 trace :
------------
String:
<xml><ToUserName><![CDATA[gh_beb5adfd77ba]]></ToUserName>
<FromUserName><![CDATA[o22qy1Tgxq1AoG6N1FA8St_OPe5k]]></FromUserName>
<CreateTime>1542986337</CreateTime>
<MsgType><![CDATA[event]]></MsgType>
<Event><![CDATA[VIEW]]></Event>
<EventKey><![CDATA[http://ydd.gzchujiao.com/app/index.php?i=1&c=entry&m=ewei_shopv2&do=mobile]]></EventKey>
<MenuId>462400649</MenuId>
</xml>

2018-11-23 23:19:15 trace :
------------
String:
<xml><ToUserName><![CDATA[gh_beb5adfd77ba]]></ToUserName>
<FromUserName><![CDATA[o22qy1Tgxq1AoG6N1FA8St_OPe5k]]></FromUserName>
<CreateTime>1542986337</CreateTime>
<MsgType><![CDATA[event]]></MsgType>
<Event><![CDATA[VIEW]]></Event>
<EventKey><![CDATA[http://ydd.gzchujiao.com/app/index.php?i=1&c=entry&m=ewei_shopv2&do=mobile]]></EventKey>
<MenuId>462400649</MenuId>
</xml>

2018-11-23 23:19:16 params :
------------
String:
array (
  'rule' => -2,
  'module' => '',
  'message' => 
  array (
    'tousername' => 'gh_beb5adfd77ba',
    'fromusername' => 'o22qy1Tgxq1AoG6N1FA8St_OPe5k',
    'createtime' => '1542986337',
    'msgtype' => 'event',
    'event' => 'VIEW',
    'eventkey' => 'http://ydd.gzchujiao.com/app/index.php?i=1&c=entry&m=ewei_shopv2&do=mobile',
    'menuid' => '462400649',
    'from' => 'o22qy1Tgxq1AoG6N1FA8St_OPe5k',
    'to' => 'gh_beb5adfd77ba',
    'time' => '1542986337',
    'type' => 'text',
    'content' => 'http://ydd.gzchujiao.com/app/index.php?i=1&c=entry&m=ewei_shopv2&do=mobile',
    'redirection' => true,
    'source' => 'VIEW',
  ),
)

2018-11-23 23:19:16 response :
------------

2018-11-23 23:19:16 params :
------------
String:
array (
  'rule' => -2,
  'module' => '',
  'message' => 
  array (
    'tousername' => 'gh_beb5adfd77ba',
    'fromusername' => 'o22qy1Tgxq1AoG6N1FA8St_OPe5k',
    'createtime' => '1542986337',
    'msgtype' => 'event',
    'event' => 'VIEW',
    'eventkey' => 'http://ydd.gzchujiao.com/app/index.php?i=1&c=entry&m=ewei_shopv2&do=mobile',
    'menuid' => '462400649',
    'from' => 'o22qy1Tgxq1AoG6N1FA8St_OPe5k',
    'to' => 'gh_beb5adfd77ba',
    'time' => '1542986337',
    'type' => 'text',
    'content' => 'http://ydd.gzchujiao.com/app/index.php?i=1&c=entry&m=ewei_shopv2&do=mobile',
    'redirection' => true,
    'source' => 'VIEW',
  ),
)

2018-11-23 23:19:16 response :
------------

2018-11-23 23:19:16 params :
------------
String:
array (
  'rule' => -2,
  'module' => '',
  'message' => 
  array (
    'tousername' => 'gh_beb5adfd77ba',
    'fromusername' => 'o22qy1Tgxq1AoG6N1FA8St_OPe5k',
    'createtime' => '1542986337',
    'msgtype' => 'event',
    'event' => 'VIEW',
    'eventkey' => 'http://ydd.gzchujiao.com/app/index.php?i=1&c=entry&m=ewei_shopv2&do=mobile',
    'menuid' => '462400649',
    'from' => 'o22qy1Tgxq1AoG6N1FA8St_OPe5k',
    'to' => 'gh_beb5adfd77ba',
    'time' => '1542986337',
    'type' => 'text',
    'content' => 'http://ydd.gzchujiao.com/app/index.php?i=1&c=entry&m=ewei_shopv2&do=mobile',
    'redirection' => true,
    'source' => 'VIEW',
  ),
)

2018-11-23 23:19:17 response :
------------

2018-11-23 23:43:32 trace :
------------
String:
<xml><ToUserName><![CDATA[gh_beb5adfd77ba]]></ToUserName>
<FromUserName><![CDATA[o22qy1R_m_xYc5gKs1v50N951g7E]]></FromUserName>
<CreateTime>1542987812</CreateTime>
<MsgType><![CDATA[event]]></MsgType>
<Event><![CDATA[VIEW]]></Event>
<EventKey><![CDATA[http://ydd.gzchujiao.com/app/index.php?i=1&c=entry&m=ewei_shopv2&do=mobile]]></EventKey>
<MenuId>462400649</MenuId>
</xml>

2018-11-23 23:43:32 params :
------------
String:
array (
  'rule' => -2,
  'module' => '',
  'message' => 
  array (
    'tousername' => 'gh_beb5adfd77ba',
    'fromusername' => 'o22qy1R_m_xYc5gKs1v50N951g7E',
    'createtime' => '1542987812',
    'msgtype' => 'event',
    'event' => 'VIEW',
    'eventkey' => 'http://ydd.gzchujiao.com/app/index.php?i=1&c=entry&m=ewei_shopv2&do=mobile',
    'menuid' => '462400649',
    'from' => 'o22qy1R_m_xYc5gKs1v50N951g7E',
    'to' => 'gh_beb5adfd77ba',
    'time' => '1542987812',
    'type' => 'text',
    'content' => 'http://ydd.gzchujiao.com/app/index.php?i=1&c=entry&m=ewei_shopv2&do=mobile',
    'redirection' => true,
    'source' => 'VIEW',
  ),
)

2018-11-23 23:43:32 response :
------------

