2019-07-24 19:06:23 trace :
------------
String:
<xml><ToUserName><![CDATA[gh_ffb9862d4c99]]></ToUserName>
<FromUserName><![CDATA[o3Omm1Ts2klEK9zH4eQ38ogWN6EE]]></FromUserName>
<CreateTime>1563966383</CreateTime>
<MsgType><![CDATA[event]]></MsgType>
<Event><![CDATA[VIEW]]></Event>
<EventKey><![CDATA[http://ydd.gzchujiao.com/app/index.php?i=1&c=entry&m=ewei_shopv2&do=mobile&r=member]]></EventKey>
<MenuId>464057283</MenuId>
</xml>

2019-07-24 19:06:23 params :
------------
String:
array (
  'rule' => -2,
  'module' => '',
  'message' => 
  array (
    'tousername' => 'gh_ffb9862d4c99',
    'fromusername' => 'o3Omm1Ts2klEK9zH4eQ38ogWN6EE',
    'createtime' => '1563966383',
    'msgtype' => 'event',
    'event' => 'VIEW',
    'eventkey' => 'http://ydd.gzchujiao.com/app/index.php?i=1&c=entry&m=ewei_shopv2&do=mobile&r=member',
    'menuid' => '464057283',
    'from' => 'o3Omm1Ts2klEK9zH4eQ38ogWN6EE',
    'to' => 'gh_ffb9862d4c99',
    'time' => '1563966383',
    'type' => 'text',
    'content' => 'http://ydd.gzchujiao.com/app/index.php?i=1&c=entry&m=ewei_shopv2&do=mobile&r=member',
    'redirection' => true,
    'source' => 'VIEW',
  ),
)

2019-07-24 19:06:23 response :
------------

2019-07-24 19:11:02 trace :
------------
String:
<xml><ToUserName><![CDATA[gh_ffb9862d4c99]]></ToUserName>
<FromUserName><![CDATA[o3Omm1Y071XuXcs8tlHPSQHk5i0k]]></FromUserName>
<CreateTime>1563966661</CreateTime>
<MsgType><![CDATA[event]]></MsgType>
<Event><![CDATA[VIEW]]></Event>
<EventKey><![CDATA[http://ydd.gzchujiao.com/app/index.php?i=1&c=entry&m=ewei_shopv2&do=mobile&r=member]]></EventKey>
<MenuId>464057283</MenuId>
</xml>

2019-07-24 19:11:02 params :
------------
String:
array (
  'rule' => -2,
  'module' => '',
  'message' => 
  array (
    'tousername' => 'gh_ffb9862d4c99',
    'fromusername' => 'o3Omm1Y071XuXcs8tlHPSQHk5i0k',
    'createtime' => '1563966661',
    'msgtype' => 'event',
    'event' => 'VIEW',
    'eventkey' => 'http://ydd.gzchujiao.com/app/index.php?i=1&c=entry&m=ewei_shopv2&do=mobile&r=member',
    'menuid' => '464057283',
    'from' => 'o3Omm1Y071XuXcs8tlHPSQHk5i0k',
    'to' => 'gh_ffb9862d4c99',
    'time' => '1563966661',
    'type' => 'text',
    'content' => 'http://ydd.gzchujiao.com/app/index.php?i=1&c=entry&m=ewei_shopv2&do=mobile&r=member',
    'redirection' => true,
    'source' => 'VIEW',
  ),
)

2019-07-24 19:11:02 response :
------------

2019-07-24 19:11:33 trace :
------------
String:
<xml><ToUserName><![CDATA[gh_ffb9862d4c99]]></ToUserName>
<FromUserName><![CDATA[o3Omm1Y071XuXcs8tlHPSQHk5i0k]]></FromUserName>
<CreateTime>1563966693</CreateTime>
<MsgType><![CDATA[event]]></MsgType>
<Event><![CDATA[VIEW]]></Event>
<EventKey><![CDATA[http://ydd.gzchujiao.com/app/index.php?i=1&c=entry&m=ewei_shopv2&do=mobile]]></EventKey>
<MenuId>464057283</MenuId>
</xml>

2019-07-24 19:11:33 params :
------------
String:
array (
  'rule' => -2,
  'module' => '',
  'message' => 
  array (
    'tousername' => 'gh_ffb9862d4c99',
    'fromusername' => 'o3Omm1Y071XuXcs8tlHPSQHk5i0k',
    'createtime' => '1563966693',
    'msgtype' => 'event',
    'event' => 'VIEW',
    'eventkey' => 'http://ydd.gzchujiao.com/app/index.php?i=1&c=entry&m=ewei_shopv2&do=mobile',
    'menuid' => '464057283',
    'from' => 'o3Omm1Y071XuXcs8tlHPSQHk5i0k',
    'to' => 'gh_ffb9862d4c99',
    'time' => '1563966693',
    'type' => 'text',
    'content' => 'http://ydd.gzchujiao.com/app/index.php?i=1&c=entry&m=ewei_shopv2&do=mobile',
    'redirection' => true,
    'source' => 'VIEW',
  ),
)

2019-07-24 19:11:33 response :
------------

2019-07-24 19:13:05 trace :
------------
String:
<xml><ToUserName><![CDATA[gh_ffb9862d4c99]]></ToUserName>
<FromUserName><![CDATA[o3Omm1Y071XuXcs8tlHPSQHk5i0k]]></FromUserName>
<CreateTime>1563966784</CreateTime>
<MsgType><![CDATA[event]]></MsgType>
<Event><![CDATA[VIEW]]></Event>
<EventKey><![CDATA[http://ydd.gzchujiao.com/app/index.php?i=1&c=entry&m=ewei_shopv2&do=mobile&r=member]]></EventKey>
<MenuId>464057283</MenuId>
</xml>

2019-07-24 19:13:05 params :
------------
String:
array (
  'rule' => -2,
  'module' => '',
  'message' => 
  array (
    'tousername' => 'gh_ffb9862d4c99',
    'fromusername' => 'o3Omm1Y071XuXcs8tlHPSQHk5i0k',
    'createtime' => '1563966784',
    'msgtype' => 'event',
    'event' => 'VIEW',
    'eventkey' => 'http://ydd.gzchujiao.com/app/index.php?i=1&c=entry&m=ewei_shopv2&do=mobile&r=member',
    'menuid' => '464057283',
    'from' => 'o3Omm1Y071XuXcs8tlHPSQHk5i0k',
    'to' => 'gh_ffb9862d4c99',
    'time' => '1563966784',
    'type' => 'text',
    'content' => 'http://ydd.gzchujiao.com/app/index.php?i=1&c=entry&m=ewei_shopv2&do=mobile&r=member',
    'redirection' => true,
    'source' => 'VIEW',
  ),
)

2019-07-24 19:13:05 response :
------------

2019-07-24 19:13:29 trace :
------------
String:
<xml><ToUserName><![CDATA[gh_ffb9862d4c99]]></ToUserName>
<FromUserName><![CDATA[o3Omm1Y071XuXcs8tlHPSQHk5i0k]]></FromUserName>
<CreateTime>1563966809</CreateTime>
<MsgType><![CDATA[event]]></MsgType>
<Event><![CDATA[VIEW]]></Event>
<EventKey><![CDATA[http://ydd.gzchujiao.com/app/index.php?i=1&c=entry&m=ewei_shopv2&do=mobile]]></EventKey>
<MenuId>464057283</MenuId>
</xml>

2019-07-24 19:13:29 params :
------------
String:
array (
  'rule' => -2,
  'module' => '',
  'message' => 
  array (
    'tousername' => 'gh_ffb9862d4c99',
    'fromusername' => 'o3Omm1Y071XuXcs8tlHPSQHk5i0k',
    'createtime' => '1563966809',
    'msgtype' => 'event',
    'event' => 'VIEW',
    'eventkey' => 'http://ydd.gzchujiao.com/app/index.php?i=1&c=entry&m=ewei_shopv2&do=mobile',
    'menuid' => '464057283',
    'from' => 'o3Omm1Y071XuXcs8tlHPSQHk5i0k',
    'to' => 'gh_ffb9862d4c99',
    'time' => '1563966809',
    'type' => 'text',
    'content' => 'http://ydd.gzchujiao.com/app/index.php?i=1&c=entry&m=ewei_shopv2&do=mobile',
    'redirection' => true,
    'source' => 'VIEW',
  ),
)

2019-07-24 19:13:29 response :
------------

2019-07-24 19:14:06 trace :
------------
String:
<xml><ToUserName><![CDATA[gh_ffb9862d4c99]]></ToUserName>
<FromUserName><![CDATA[o3Omm1Y071XuXcs8tlHPSQHk5i0k]]></FromUserName>
<CreateTime>1563966846</CreateTime>
<MsgType><![CDATA[event]]></MsgType>
<Event><![CDATA[VIEW]]></Event>
<EventKey><![CDATA[http://ydd.gzchujiao.com/app/index.php?i=1&c=entry&m=ewei_shopv2&do=mobile]]></EventKey>
<MenuId>464057283</MenuId>
</xml>

2019-07-24 19:14:06 params :
------------
String:
array (
  'rule' => -2,
  'module' => '',
  'message' => 
  array (
    'tousername' => 'gh_ffb9862d4c99',
    'fromusername' => 'o3Omm1Y071XuXcs8tlHPSQHk5i0k',
    'createtime' => '1563966846',
    'msgtype' => 'event',
    'event' => 'VIEW',
    'eventkey' => 'http://ydd.gzchujiao.com/app/index.php?i=1&c=entry&m=ewei_shopv2&do=mobile',
    'menuid' => '464057283',
    'from' => 'o3Omm1Y071XuXcs8tlHPSQHk5i0k',
    'to' => 'gh_ffb9862d4c99',
    'time' => '1563966846',
    'type' => 'text',
    'content' => 'http://ydd.gzchujiao.com/app/index.php?i=1&c=entry&m=ewei_shopv2&do=mobile',
    'redirection' => true,
    'source' => 'VIEW',
  ),
)

2019-07-24 19:14:06 response :
------------

2019-07-24 19:15:46 trace :
------------
String:
<xml><ToUserName><![CDATA[gh_ffb9862d4c99]]></ToUserName>
<FromUserName><![CDATA[o3Omm1Ts2klEK9zH4eQ38ogWN6EE]]></FromUserName>
<CreateTime>1563966946</CreateTime>
<MsgType><![CDATA[event]]></MsgType>
<Event><![CDATA[VIEW]]></Event>
<EventKey><![CDATA[http://ydd.gzchujiao.com/app/index.php?i=1&c=entry&m=ewei_shopv2&do=mobile]]></EventKey>
<MenuId>464057283</MenuId>
</xml>

2019-07-24 19:15:46 params :
------------
String:
array (
  'rule' => -2,
  'module' => '',
  'message' => 
  array (
    'tousername' => 'gh_ffb9862d4c99',
    'fromusername' => 'o3Omm1Ts2klEK9zH4eQ38ogWN6EE',
    'createtime' => '1563966946',
    'msgtype' => 'event',
    'event' => 'VIEW',
    'eventkey' => 'http://ydd.gzchujiao.com/app/index.php?i=1&c=entry&m=ewei_shopv2&do=mobile',
    'menuid' => '464057283',
    'from' => 'o3Omm1Ts2klEK9zH4eQ38ogWN6EE',
    'to' => 'gh_ffb9862d4c99',
    'time' => '1563966946',
    'type' => 'text',
    'content' => 'http://ydd.gzchujiao.com/app/index.php?i=1&c=entry&m=ewei_shopv2&do=mobile',
    'redirection' => true,
    'source' => 'VIEW',
  ),
)

2019-07-24 19:15:46 response :
------------

2019-07-24 19:16:16 trace :
------------
String:
<xml><ToUserName><![CDATA[gh_ffb9862d4c99]]></ToUserName>
<FromUserName><![CDATA[o3Omm1ZI1qarsMMkDRPifxtLsln8]]></FromUserName>
<CreateTime>1563966975</CreateTime>
<MsgType><![CDATA[event]]></MsgType>
<Event><![CDATA[VIEW]]></Event>
<EventKey><![CDATA[http://ydd.gzchujiao.com/app/index.php?i=1&c=entry&m=ewei_shopv2&do=mobile&r=member]]></EventKey>
<MenuId>464057283</MenuId>
</xml>

2019-07-24 19:16:16 params :
------------
String:
array (
  'rule' => -2,
  'module' => '',
  'message' => 
  array (
    'tousername' => 'gh_ffb9862d4c99',
    'fromusername' => 'o3Omm1ZI1qarsMMkDRPifxtLsln8',
    'createtime' => '1563966975',
    'msgtype' => 'event',
    'event' => 'VIEW',
    'eventkey' => 'http://ydd.gzchujiao.com/app/index.php?i=1&c=entry&m=ewei_shopv2&do=mobile&r=member',
    'menuid' => '464057283',
    'from' => 'o3Omm1ZI1qarsMMkDRPifxtLsln8',
    'to' => 'gh_ffb9862d4c99',
    'time' => '1563966975',
    'type' => 'text',
    'content' => 'http://ydd.gzchujiao.com/app/index.php?i=1&c=entry&m=ewei_shopv2&do=mobile&r=member',
    'redirection' => true,
    'source' => 'VIEW',
  ),
)

2019-07-24 19:16:16 response :
------------

2019-07-24 19:28:57 trace :
------------
String:
<xml><ToUserName><![CDATA[gh_ffb9862d4c99]]></ToUserName>
<FromUserName><![CDATA[o3Omm1Y071XuXcs8tlHPSQHk5i0k]]></FromUserName>
<CreateTime>1563967737</CreateTime>
<MsgType><![CDATA[event]]></MsgType>
<Event><![CDATA[VIEW]]></Event>
<EventKey><![CDATA[http://ydd.gzchujiao.com/app/index.php?i=1&c=entry&m=ewei_shopv2&do=mobile]]></EventKey>
<MenuId>464057283</MenuId>
</xml>

2019-07-24 19:28:57 params :
------------
String:
array (
  'rule' => -2,
  'module' => '',
  'message' => 
  array (
    'tousername' => 'gh_ffb9862d4c99',
    'fromusername' => 'o3Omm1Y071XuXcs8tlHPSQHk5i0k',
    'createtime' => '1563967737',
    'msgtype' => 'event',
    'event' => 'VIEW',
    'eventkey' => 'http://ydd.gzchujiao.com/app/index.php?i=1&c=entry&m=ewei_shopv2&do=mobile',
    'menuid' => '464057283',
    'from' => 'o3Omm1Y071XuXcs8tlHPSQHk5i0k',
    'to' => 'gh_ffb9862d4c99',
    'time' => '1563967737',
    'type' => 'text',
    'content' => 'http://ydd.gzchujiao.com/app/index.php?i=1&c=entry&m=ewei_shopv2&do=mobile',
    'redirection' => true,
    'source' => 'VIEW',
  ),
)

2019-07-24 19:28:57 response :
------------

2019-07-24 19:29:46 trace :
------------
String:
<xml><ToUserName><![CDATA[gh_ffb9862d4c99]]></ToUserName>
<FromUserName><![CDATA[o3Omm1Y071XuXcs8tlHPSQHk5i0k]]></FromUserName>
<CreateTime>1563967786</CreateTime>
<MsgType><![CDATA[event]]></MsgType>
<Event><![CDATA[VIEW]]></Event>
<EventKey><![CDATA[http://ydd.gzchujiao.com/app/index.php?i=1&c=entry&m=ewei_shopv2&do=mobile]]></EventKey>
<MenuId>464057283</MenuId>
</xml>

2019-07-24 19:29:46 params :
------------
String:
array (
  'rule' => -2,
  'module' => '',
  'message' => 
  array (
    'tousername' => 'gh_ffb9862d4c99',
    'fromusername' => 'o3Omm1Y071XuXcs8tlHPSQHk5i0k',
    'createtime' => '1563967786',
    'msgtype' => 'event',
    'event' => 'VIEW',
    'eventkey' => 'http://ydd.gzchujiao.com/app/index.php?i=1&c=entry&m=ewei_shopv2&do=mobile',
    'menuid' => '464057283',
    'from' => 'o3Omm1Y071XuXcs8tlHPSQHk5i0k',
    'to' => 'gh_ffb9862d4c99',
    'time' => '1563967786',
    'type' => 'text',
    'content' => 'http://ydd.gzchujiao.com/app/index.php?i=1&c=entry&m=ewei_shopv2&do=mobile',
    'redirection' => true,
    'source' => 'VIEW',
  ),
)

2019-07-24 19:29:46 response :
------------

2019-07-24 19:30:51 trace :
------------
String:
<xml><ToUserName><![CDATA[gh_ffb9862d4c99]]></ToUserName>
<FromUserName><![CDATA[o3Omm1Ts2klEK9zH4eQ38ogWN6EE]]></FromUserName>
<CreateTime>1563967851</CreateTime>
<MsgType><![CDATA[event]]></MsgType>
<Event><![CDATA[VIEW]]></Event>
<EventKey><![CDATA[http://ydd.gzchujiao.com/app/index.php?i=1&c=entry&m=ewei_shopv2&do=mobile&r=member]]></EventKey>
<MenuId>464057283</MenuId>
</xml>

2019-07-24 19:30:51 params :
------------
String:
array (
  'rule' => -2,
  'module' => '',
  'message' => 
  array (
    'tousername' => 'gh_ffb9862d4c99',
    'fromusername' => 'o3Omm1Ts2klEK9zH4eQ38ogWN6EE',
    'createtime' => '1563967851',
    'msgtype' => 'event',
    'event' => 'VIEW',
    'eventkey' => 'http://ydd.gzchujiao.com/app/index.php?i=1&c=entry&m=ewei_shopv2&do=mobile&r=member',
    'menuid' => '464057283',
    'from' => 'o3Omm1Ts2klEK9zH4eQ38ogWN6EE',
    'to' => 'gh_ffb9862d4c99',
    'time' => '1563967851',
    'type' => 'text',
    'content' => 'http://ydd.gzchujiao.com/app/index.php?i=1&c=entry&m=ewei_shopv2&do=mobile&r=member',
    'redirection' => true,
    'source' => 'VIEW',
  ),
)

2019-07-24 19:30:51 response :
------------

2019-07-24 19:58:11 trace :
------------
String:
<xml><ToUserName><![CDATA[gh_ffb9862d4c99]]></ToUserName>
<FromUserName><![CDATA[o3Omm1Y071XuXcs8tlHPSQHk5i0k]]></FromUserName>
<CreateTime>1563969491</CreateTime>
<MsgType><![CDATA[event]]></MsgType>
<Event><![CDATA[VIEW]]></Event>
<EventKey><![CDATA[http://ydd.gzchujiao.com/app/index.php?i=1&c=entry&m=ewei_shopv2&do=mobile]]></EventKey>
<MenuId>464057283</MenuId>
</xml>

2019-07-24 19:58:11 params :
------------
String:
array (
  'rule' => -2,
  'module' => '',
  'message' => 
  array (
    'tousername' => 'gh_ffb9862d4c99',
    'fromusername' => 'o3Omm1Y071XuXcs8tlHPSQHk5i0k',
    'createtime' => '1563969491',
    'msgtype' => 'event',
    'event' => 'VIEW',
    'eventkey' => 'http://ydd.gzchujiao.com/app/index.php?i=1&c=entry&m=ewei_shopv2&do=mobile',
    'menuid' => '464057283',
    'from' => 'o3Omm1Y071XuXcs8tlHPSQHk5i0k',
    'to' => 'gh_ffb9862d4c99',
    'time' => '1563969491',
    'type' => 'text',
    'content' => 'http://ydd.gzchujiao.com/app/index.php?i=1&c=entry&m=ewei_shopv2&do=mobile',
    'redirection' => true,
    'source' => 'VIEW',
  ),
)

2019-07-24 19:58:11 response :
------------

2019-07-24 19:58:45 trace :
------------
String:
<xml><ToUserName><![CDATA[gh_ffb9862d4c99]]></ToUserName>
<FromUserName><![CDATA[o3Omm1Y071XuXcs8tlHPSQHk5i0k]]></FromUserName>
<CreateTime>1563969525</CreateTime>
<MsgType><![CDATA[event]]></MsgType>
<Event><![CDATA[VIEW]]></Event>
<EventKey><![CDATA[http://ydd.gzchujiao.com/app/index.php?i=1&c=entry&m=ewei_shopv2&do=mobile&r=member]]></EventKey>
<MenuId>464057283</MenuId>
</xml>

2019-07-24 19:58:45 params :
------------
String:
array (
  'rule' => -2,
  'module' => '',
  'message' => 
  array (
    'tousername' => 'gh_ffb9862d4c99',
    'fromusername' => 'o3Omm1Y071XuXcs8tlHPSQHk5i0k',
    'createtime' => '1563969525',
    'msgtype' => 'event',
    'event' => 'VIEW',
    'eventkey' => 'http://ydd.gzchujiao.com/app/index.php?i=1&c=entry&m=ewei_shopv2&do=mobile&r=member',
    'menuid' => '464057283',
    'from' => 'o3Omm1Y071XuXcs8tlHPSQHk5i0k',
    'to' => 'gh_ffb9862d4c99',
    'time' => '1563969525',
    'type' => 'text',
    'content' => 'http://ydd.gzchujiao.com/app/index.php?i=1&c=entry&m=ewei_shopv2&do=mobile&r=member',
    'redirection' => true,
    'source' => 'VIEW',
  ),
)

2019-07-24 19:58:45 response :
------------

2019-07-24 19:59:39 trace :
------------
String:
<xml><ToUserName><![CDATA[gh_ffb9862d4c99]]></ToUserName>
<FromUserName><![CDATA[o3Omm1Y071XuXcs8tlHPSQHk5i0k]]></FromUserName>
<CreateTime>1563969579</CreateTime>
<MsgType><![CDATA[event]]></MsgType>
<Event><![CDATA[VIEW]]></Event>
<EventKey><![CDATA[http://ydd.gzchujiao.com/app/index.php?i=1&c=entry&m=ewei_shopv2&do=mobile&r=member]]></EventKey>
<MenuId>464057283</MenuId>
</xml>

2019-07-24 19:59:39 params :
------------
String:
array (
  'rule' => -2,
  'module' => '',
  'message' => 
  array (
    'tousername' => 'gh_ffb9862d4c99',
    'fromusername' => 'o3Omm1Y071XuXcs8tlHPSQHk5i0k',
    'createtime' => '1563969579',
    'msgtype' => 'event',
    'event' => 'VIEW',
    'eventkey' => 'http://ydd.gzchujiao.com/app/index.php?i=1&c=entry&m=ewei_shopv2&do=mobile&r=member',
    'menuid' => '464057283',
    'from' => 'o3Omm1Y071XuXcs8tlHPSQHk5i0k',
    'to' => 'gh_ffb9862d4c99',
    'time' => '1563969579',
    'type' => 'text',
    'content' => 'http://ydd.gzchujiao.com/app/index.php?i=1&c=entry&m=ewei_shopv2&do=mobile&r=member',
    'redirection' => true,
    'source' => 'VIEW',
  ),
)

2019-07-24 19:59:39 response :
------------

2019-07-24 19:59:45 trace :
------------
String:
<xml><ToUserName><![CDATA[gh_ffb9862d4c99]]></ToUserName>
<FromUserName><![CDATA[o3Omm1Y071XuXcs8tlHPSQHk5i0k]]></FromUserName>
<CreateTime>1563969585</CreateTime>
<MsgType><![CDATA[event]]></MsgType>
<Event><![CDATA[VIEW]]></Event>
<EventKey><![CDATA[http://ydd.gzchujiao.com/app/index.php?i=1&c=entry&m=ewei_shopv2&do=mobile&r=member]]></EventKey>
<MenuId>464057283</MenuId>
</xml>

2019-07-24 19:59:45 params :
------------
String:
array (
  'rule' => -2,
  'module' => '',
  'message' => 
  array (
    'tousername' => 'gh_ffb9862d4c99',
    'fromusername' => 'o3Omm1Y071XuXcs8tlHPSQHk5i0k',
    'createtime' => '1563969585',
    'msgtype' => 'event',
    'event' => 'VIEW',
    'eventkey' => 'http://ydd.gzchujiao.com/app/index.php?i=1&c=entry&m=ewei_shopv2&do=mobile&r=member',
    'menuid' => '464057283',
    'from' => 'o3Omm1Y071XuXcs8tlHPSQHk5i0k',
    'to' => 'gh_ffb9862d4c99',
    'time' => '1563969585',
    'type' => 'text',
    'content' => 'http://ydd.gzchujiao.com/app/index.php?i=1&c=entry&m=ewei_shopv2&do=mobile&r=member',
    'redirection' => true,
    'source' => 'VIEW',
  ),
)

2019-07-24 19:59:45 response :
------------

2019-07-24 20:00:21 trace :
------------
String:
<xml><ToUserName><![CDATA[gh_ffb9862d4c99]]></ToUserName>
<FromUserName><![CDATA[o3Omm1Y071XuXcs8tlHPSQHk5i0k]]></FromUserName>
<CreateTime>1563969621</CreateTime>
<MsgType><![CDATA[event]]></MsgType>
<Event><![CDATA[VIEW]]></Event>
<EventKey><![CDATA[http://ydd.gzchujiao.com/app/index.php?i=1&c=entry&m=ewei_shopv2&do=mobile]]></EventKey>
<MenuId>464057283</MenuId>
</xml>

2019-07-24 20:00:21 params :
------------
String:
array (
  'rule' => -2,
  'module' => '',
  'message' => 
  array (
    'tousername' => 'gh_ffb9862d4c99',
    'fromusername' => 'o3Omm1Y071XuXcs8tlHPSQHk5i0k',
    'createtime' => '1563969621',
    'msgtype' => 'event',
    'event' => 'VIEW',
    'eventkey' => 'http://ydd.gzchujiao.com/app/index.php?i=1&c=entry&m=ewei_shopv2&do=mobile',
    'menuid' => '464057283',
    'from' => 'o3Omm1Y071XuXcs8tlHPSQHk5i0k',
    'to' => 'gh_ffb9862d4c99',
    'time' => '1563969621',
    'type' => 'text',
    'content' => 'http://ydd.gzchujiao.com/app/index.php?i=1&c=entry&m=ewei_shopv2&do=mobile',
    'redirection' => true,
    'source' => 'VIEW',
  ),
)

2019-07-24 20:00:21 response :
------------

2019-07-24 20:10:44 trace :
------------
String:
<xml><ToUserName><![CDATA[gh_ffb9862d4c99]]></ToUserName>
<FromUserName><![CDATA[o3Omm1Y071XuXcs8tlHPSQHk5i0k]]></FromUserName>
<CreateTime>1563970244</CreateTime>
<MsgType><![CDATA[event]]></MsgType>
<Event><![CDATA[VIEW]]></Event>
<EventKey><![CDATA[http://ydd.gzchujiao.com/app/index.php?i=1&c=entry&m=ewei_shopv2&do=mobile]]></EventKey>
<MenuId>464057283</MenuId>
</xml>

2019-07-24 20:10:44 params :
------------
String:
array (
  'rule' => -2,
  'module' => '',
  'message' => 
  array (
    'tousername' => 'gh_ffb9862d4c99',
    'fromusername' => 'o3Omm1Y071XuXcs8tlHPSQHk5i0k',
    'createtime' => '1563970244',
    'msgtype' => 'event',
    'event' => 'VIEW',
    'eventkey' => 'http://ydd.gzchujiao.com/app/index.php?i=1&c=entry&m=ewei_shopv2&do=mobile',
    'menuid' => '464057283',
    'from' => 'o3Omm1Y071XuXcs8tlHPSQHk5i0k',
    'to' => 'gh_ffb9862d4c99',
    'time' => '1563970244',
    'type' => 'text',
    'content' => 'http://ydd.gzchujiao.com/app/index.php?i=1&c=entry&m=ewei_shopv2&do=mobile',
    'redirection' => true,
    'source' => 'VIEW',
  ),
)

2019-07-24 20:10:44 response :
------------

2019-07-24 20:11:18 trace :
------------
String:
<xml><ToUserName><![CDATA[gh_ffb9862d4c99]]></ToUserName>
<FromUserName><![CDATA[o3Omm1Y071XuXcs8tlHPSQHk5i0k]]></FromUserName>
<CreateTime>1563970278</CreateTime>
<MsgType><![CDATA[event]]></MsgType>
<Event><![CDATA[VIEW]]></Event>
<EventKey><![CDATA[http://ydd.gzchujiao.com/app/index.php?i=1&c=entry&m=ewei_shopv2&do=mobile]]></EventKey>
<MenuId>464057283</MenuId>
</xml>

2019-07-24 20:11:18 params :
------------
String:
array (
  'rule' => -2,
  'module' => '',
  'message' => 
  array (
    'tousername' => 'gh_ffb9862d4c99',
    'fromusername' => 'o3Omm1Y071XuXcs8tlHPSQHk5i0k',
    'createtime' => '1563970278',
    'msgtype' => 'event',
    'event' => 'VIEW',
    'eventkey' => 'http://ydd.gzchujiao.com/app/index.php?i=1&c=entry&m=ewei_shopv2&do=mobile',
    'menuid' => '464057283',
    'from' => 'o3Omm1Y071XuXcs8tlHPSQHk5i0k',
    'to' => 'gh_ffb9862d4c99',
    'time' => '1563970278',
    'type' => 'text',
    'content' => 'http://ydd.gzchujiao.com/app/index.php?i=1&c=entry&m=ewei_shopv2&do=mobile',
    'redirection' => true,
    'source' => 'VIEW',
  ),
)

2019-07-24 20:11:18 response :
------------

