2019-08-06 12:27:40 trace :
------------
String:
<xml><ToUserName><![CDATA[gh_ffb9862d4c99]]></ToUserName>
<FromUserName><![CDATA[o3Omm1cMNRYq5mCbQGl3zRALywfk]]></FromUserName>
<CreateTime>1565065660</CreateTime>
<MsgType><![CDATA[event]]></MsgType>
<Event><![CDATA[subscribe]]></Event>
<EventKey><![CDATA[]]></EventKey>
</xml>

2019-08-06 12:27:40 params :
------------
String:
array (
  'rule' => -2,
  'module' => '',
  'message' => 
  array (
    'tousername' => 'gh_ffb9862d4c99',
    'fromusername' => 'o3Omm1cMNRYq5mCbQGl3zRALywfk',
    'createtime' => '1565065660',
    'msgtype' => 'event',
    'event' => 'subscribe',
    'eventkey' => '',
    'from' => 'o3Omm1cMNRYq5mCbQGl3zRALywfk',
    'to' => 'gh_ffb9862d4c99',
    'time' => '1565065660',
    'type' => 'text',
    'redirection' => true,
    'source' => 'subscribe',
  ),
)

2019-08-06 12:27:40 response :
------------

2019-08-06 12:27:43 trace :
------------
String:
<xml><ToUserName><![CDATA[gh_ffb9862d4c99]]></ToUserName>
<FromUserName><![CDATA[o3Omm1cMNRYq5mCbQGl3zRALywfk]]></FromUserName>
<CreateTime>1565065663</CreateTime>
<MsgType><![CDATA[event]]></MsgType>
<Event><![CDATA[VIEW]]></Event>
<EventKey><![CDATA[http://ydd.gzchujiao.com/app/index.php?i=3&c=entry&m=ewei_shopv2&do=mobile]]></EventKey>
<MenuId>464065743</MenuId>
</xml>

2019-08-06 12:27:43 params :
------------
String:
array (
  'rule' => -2,
  'module' => '',
  'message' => 
  array (
    'tousername' => 'gh_ffb9862d4c99',
    'fromusername' => 'o3Omm1cMNRYq5mCbQGl3zRALywfk',
    'createtime' => '1565065663',
    'msgtype' => 'event',
    'event' => 'VIEW',
    'eventkey' => 'http://ydd.gzchujiao.com/app/index.php?i=3&c=entry&m=ewei_shopv2&do=mobile',
    'menuid' => '464065743',
    'from' => 'o3Omm1cMNRYq5mCbQGl3zRALywfk',
    'to' => 'gh_ffb9862d4c99',
    'time' => '1565065663',
    'type' => 'text',
    'content' => 'http://ydd.gzchujiao.com/app/index.php?i=3&c=entry&m=ewei_shopv2&do=mobile',
    'redirection' => true,
    'source' => 'VIEW',
  ),
)

2019-08-06 12:27:43 response :
------------

2019-08-06 14:08:18 trace :
------------
String:
<xml><ToUserName><![CDATA[gh_ffb9862d4c99]]></ToUserName>
<FromUserName><![CDATA[o3Omm1ZI1qarsMMkDRPifxtLsln8]]></FromUserName>
<CreateTime>1565071698</CreateTime>
<MsgType><![CDATA[event]]></MsgType>
<Event><![CDATA[VIEW]]></Event>
<EventKey><![CDATA[http://ydd.gzchujiao.com/app/index.php?i=3&c=entry&m=ewei_shopv2&do=mobile]]></EventKey>
<MenuId>464065743</MenuId>
</xml>

2019-08-06 14:08:18 params :
------------
String:
array (
  'rule' => -2,
  'module' => '',
  'message' => 
  array (
    'tousername' => 'gh_ffb9862d4c99',
    'fromusername' => 'o3Omm1ZI1qarsMMkDRPifxtLsln8',
    'createtime' => '1565071698',
    'msgtype' => 'event',
    'event' => 'VIEW',
    'eventkey' => 'http://ydd.gzchujiao.com/app/index.php?i=3&c=entry&m=ewei_shopv2&do=mobile',
    'menuid' => '464065743',
    'from' => 'o3Omm1ZI1qarsMMkDRPifxtLsln8',
    'to' => 'gh_ffb9862d4c99',
    'time' => '1565071698',
    'type' => 'text',
    'content' => 'http://ydd.gzchujiao.com/app/index.php?i=3&c=entry&m=ewei_shopv2&do=mobile',
    'redirection' => true,
    'source' => 'VIEW',
  ),
)

2019-08-06 14:08:18 response :
------------

2019-08-06 14:49:00 trace :
------------
String:
<xml><ToUserName><![CDATA[gh_ffb9862d4c99]]></ToUserName>
<FromUserName><![CDATA[o3Omm1ZffV-mhRFRUVqOKgUvVxy8]]></FromUserName>
<CreateTime>1565074140</CreateTime>
<MsgType><![CDATA[event]]></MsgType>
<Event><![CDATA[subscribe]]></Event>
<EventKey><![CDATA[]]></EventKey>
</xml>

2019-08-06 14:49:00 params :
------------
String:
array (
  'rule' => -2,
  'module' => '',
  'message' => 
  array (
    'tousername' => 'gh_ffb9862d4c99',
    'fromusername' => 'o3Omm1ZffV-mhRFRUVqOKgUvVxy8',
    'createtime' => '1565074140',
    'msgtype' => 'event',
    'event' => 'subscribe',
    'eventkey' => '',
    'from' => 'o3Omm1ZffV-mhRFRUVqOKgUvVxy8',
    'to' => 'gh_ffb9862d4c99',
    'time' => '1565074140',
    'type' => 'text',
    'redirection' => true,
    'source' => 'subscribe',
  ),
)

2019-08-06 14:49:00 response :
------------

2019-08-06 14:49:04 trace :
------------
String:
<xml><ToUserName><![CDATA[gh_ffb9862d4c99]]></ToUserName>
<FromUserName><![CDATA[o3Omm1ZffV-mhRFRUVqOKgUvVxy8]]></FromUserName>
<CreateTime>1565074144</CreateTime>
<MsgType><![CDATA[event]]></MsgType>
<Event><![CDATA[VIEW]]></Event>
<EventKey><![CDATA[http://ydd.gzchujiao.com/app/index.php?i=3&c=entry&m=ewei_shopv2&do=mobile]]></EventKey>
<MenuId>464065743</MenuId>
</xml>

2019-08-06 14:49:04 params :
------------
String:
array (
  'rule' => -2,
  'module' => '',
  'message' => 
  array (
    'tousername' => 'gh_ffb9862d4c99',
    'fromusername' => 'o3Omm1ZffV-mhRFRUVqOKgUvVxy8',
    'createtime' => '1565074144',
    'msgtype' => 'event',
    'event' => 'VIEW',
    'eventkey' => 'http://ydd.gzchujiao.com/app/index.php?i=3&c=entry&m=ewei_shopv2&do=mobile',
    'menuid' => '464065743',
    'from' => 'o3Omm1ZffV-mhRFRUVqOKgUvVxy8',
    'to' => 'gh_ffb9862d4c99',
    'time' => '1565074144',
    'type' => 'text',
    'content' => 'http://ydd.gzchujiao.com/app/index.php?i=3&c=entry&m=ewei_shopv2&do=mobile',
    'redirection' => true,
    'source' => 'VIEW',
  ),
)

2019-08-06 14:49:04 response :
------------

