2019-07-29 07:43:36 trace :
------------
String:
<xml><ToUserName><![CDATA[gh_ffb9862d4c99]]></ToUserName>
<FromUserName><![CDATA[o3Omm1ZI1qarsMMkDRPifxtLsln8]]></FromUserName>
<CreateTime>1564357416</CreateTime>
<MsgType><![CDATA[event]]></MsgType>
<Event><![CDATA[VIEW]]></Event>
<EventKey><![CDATA[http://ydd.gzchujiao.com/app/index.php?i=1&c=entry&m=ewei_shopv2&do=mobile]]></EventKey>
<MenuId>464057283</MenuId>
</xml>

2019-07-29 07:43:36 params :
------------
String:
array (
  'rule' => -2,
  'module' => '',
  'message' => 
  array (
    'tousername' => 'gh_ffb9862d4c99',
    'fromusername' => 'o3Omm1ZI1qarsMMkDRPifxtLsln8',
    'createtime' => '1564357416',
    'msgtype' => 'event',
    'event' => 'VIEW',
    'eventkey' => 'http://ydd.gzchujiao.com/app/index.php?i=1&c=entry&m=ewei_shopv2&do=mobile',
    'menuid' => '464057283',
    'from' => 'o3Omm1ZI1qarsMMkDRPifxtLsln8',
    'to' => 'gh_ffb9862d4c99',
    'time' => '1564357416',
    'type' => 'text',
    'content' => 'http://ydd.gzchujiao.com/app/index.php?i=1&c=entry&m=ewei_shopv2&do=mobile',
    'redirection' => true,
    'source' => 'VIEW',
  ),
)

2019-07-29 07:43:36 response :
------------

2019-07-29 07:53:42 trace :
------------
String:
<xml><ToUserName><![CDATA[gh_ffb9862d4c99]]></ToUserName>
<FromUserName><![CDATA[o3Omm1ZI1qarsMMkDRPifxtLsln8]]></FromUserName>
<CreateTime>1564358022</CreateTime>
<MsgType><![CDATA[event]]></MsgType>
<Event><![CDATA[VIEW]]></Event>
<EventKey><![CDATA[http://ydd.gzchujiao.com/app/index.php?i=1&c=entry&m=ewei_shopv2&do=mobile]]></EventKey>
<MenuId>464057283</MenuId>
</xml>

2019-07-29 07:53:42 params :
------------
String:
array (
  'rule' => -2,
  'module' => '',
  'message' => 
  array (
    'tousername' => 'gh_ffb9862d4c99',
    'fromusername' => 'o3Omm1ZI1qarsMMkDRPifxtLsln8',
    'createtime' => '1564358022',
    'msgtype' => 'event',
    'event' => 'VIEW',
    'eventkey' => 'http://ydd.gzchujiao.com/app/index.php?i=1&c=entry&m=ewei_shopv2&do=mobile',
    'menuid' => '464057283',
    'from' => 'o3Omm1ZI1qarsMMkDRPifxtLsln8',
    'to' => 'gh_ffb9862d4c99',
    'time' => '1564358022',
    'type' => 'text',
    'content' => 'http://ydd.gzchujiao.com/app/index.php?i=1&c=entry&m=ewei_shopv2&do=mobile',
    'redirection' => true,
    'source' => 'VIEW',
  ),
)

2019-07-29 07:53:42 response :
------------

2019-07-29 07:58:15 trace :
------------
String:
<xml><ToUserName><![CDATA[gh_ffb9862d4c99]]></ToUserName>
<FromUserName><![CDATA[o3Omm1ZI1qarsMMkDRPifxtLsln8]]></FromUserName>
<CreateTime>1564358295</CreateTime>
<MsgType><![CDATA[event]]></MsgType>
<Event><![CDATA[VIEW]]></Event>
<EventKey><![CDATA[http://ydd.gzchujiao.com/app/index.php?i=1&c=entry&m=ewei_shopv2&do=mobile&r=member]]></EventKey>
<MenuId>464057283</MenuId>
</xml>

2019-07-29 07:58:15 params :
------------
String:
array (
  'rule' => -2,
  'module' => '',
  'message' => 
  array (
    'tousername' => 'gh_ffb9862d4c99',
    'fromusername' => 'o3Omm1ZI1qarsMMkDRPifxtLsln8',
    'createtime' => '1564358295',
    'msgtype' => 'event',
    'event' => 'VIEW',
    'eventkey' => 'http://ydd.gzchujiao.com/app/index.php?i=1&c=entry&m=ewei_shopv2&do=mobile&r=member',
    'menuid' => '464057283',
    'from' => 'o3Omm1ZI1qarsMMkDRPifxtLsln8',
    'to' => 'gh_ffb9862d4c99',
    'time' => '1564358295',
    'type' => 'text',
    'content' => 'http://ydd.gzchujiao.com/app/index.php?i=1&c=entry&m=ewei_shopv2&do=mobile&r=member',
    'redirection' => true,
    'source' => 'VIEW',
  ),
)

2019-07-29 07:58:15 response :
------------

2019-07-29 11:16:45 trace :
------------
String:
<xml><ToUserName><![CDATA[gh_ffb9862d4c99]]></ToUserName>
<FromUserName><![CDATA[o3Omm1ZI1qarsMMkDRPifxtLsln8]]></FromUserName>
<CreateTime>1564370205</CreateTime>
<MsgType><![CDATA[event]]></MsgType>
<Event><![CDATA[VIEW]]></Event>
<EventKey><![CDATA[http://ydd.gzchujiao.com/app/index.php?i=1&c=entry&m=ewei_shopv2&do=mobile]]></EventKey>
<MenuId>464057283</MenuId>
</xml>

2019-07-29 11:16:45 params :
------------
String:
array (
  'rule' => -2,
  'module' => '',
  'message' => 
  array (
    'tousername' => 'gh_ffb9862d4c99',
    'fromusername' => 'o3Omm1ZI1qarsMMkDRPifxtLsln8',
    'createtime' => '1564370205',
    'msgtype' => 'event',
    'event' => 'VIEW',
    'eventkey' => 'http://ydd.gzchujiao.com/app/index.php?i=1&c=entry&m=ewei_shopv2&do=mobile',
    'menuid' => '464057283',
    'from' => 'o3Omm1ZI1qarsMMkDRPifxtLsln8',
    'to' => 'gh_ffb9862d4c99',
    'time' => '1564370205',
    'type' => 'text',
    'content' => 'http://ydd.gzchujiao.com/app/index.php?i=1&c=entry&m=ewei_shopv2&do=mobile',
    'redirection' => true,
    'source' => 'VIEW',
  ),
)

2019-07-29 11:16:45 response :
------------

2019-07-29 11:41:30 trace :
------------
String:
<xml><ToUserName><![CDATA[gh_ffb9862d4c99]]></ToUserName>
<FromUserName><![CDATA[o3Omm1ZI1qarsMMkDRPifxtLsln8]]></FromUserName>
<CreateTime>1564371690</CreateTime>
<MsgType><![CDATA[event]]></MsgType>
<Event><![CDATA[VIEW]]></Event>
<EventKey><![CDATA[http://ydd.gzchujiao.com/app/index.php?i=1&c=entry&m=ewei_shopv2&do=mobile&r=member]]></EventKey>
<MenuId>464057283</MenuId>
</xml>

2019-07-29 11:41:30 params :
------------
String:
array (
  'rule' => -2,
  'module' => '',
  'message' => 
  array (
    'tousername' => 'gh_ffb9862d4c99',
    'fromusername' => 'o3Omm1ZI1qarsMMkDRPifxtLsln8',
    'createtime' => '1564371690',
    'msgtype' => 'event',
    'event' => 'VIEW',
    'eventkey' => 'http://ydd.gzchujiao.com/app/index.php?i=1&c=entry&m=ewei_shopv2&do=mobile&r=member',
    'menuid' => '464057283',
    'from' => 'o3Omm1ZI1qarsMMkDRPifxtLsln8',
    'to' => 'gh_ffb9862d4c99',
    'time' => '1564371690',
    'type' => 'text',
    'content' => 'http://ydd.gzchujiao.com/app/index.php?i=1&c=entry&m=ewei_shopv2&do=mobile&r=member',
    'redirection' => true,
    'source' => 'VIEW',
  ),
)

2019-07-29 11:41:30 response :
------------

2019-07-29 11:54:17 trace :
------------
String:
<xml><ToUserName><![CDATA[gh_ffb9862d4c99]]></ToUserName>
<FromUserName><![CDATA[o3Omm1ZI1qarsMMkDRPifxtLsln8]]></FromUserName>
<CreateTime>1564372457</CreateTime>
<MsgType><![CDATA[event]]></MsgType>
<Event><![CDATA[VIEW]]></Event>
<EventKey><![CDATA[http://ydd.gzchujiao.com/app/index.php?i=1&c=entry&m=ewei_shopv2&do=mobile]]></EventKey>
<MenuId>464057283</MenuId>
</xml>

2019-07-29 11:54:17 params :
------------
String:
array (
  'rule' => -2,
  'module' => '',
  'message' => 
  array (
    'tousername' => 'gh_ffb9862d4c99',
    'fromusername' => 'o3Omm1ZI1qarsMMkDRPifxtLsln8',
    'createtime' => '1564372457',
    'msgtype' => 'event',
    'event' => 'VIEW',
    'eventkey' => 'http://ydd.gzchujiao.com/app/index.php?i=1&c=entry&m=ewei_shopv2&do=mobile',
    'menuid' => '464057283',
    'from' => 'o3Omm1ZI1qarsMMkDRPifxtLsln8',
    'to' => 'gh_ffb9862d4c99',
    'time' => '1564372457',
    'type' => 'text',
    'content' => 'http://ydd.gzchujiao.com/app/index.php?i=1&c=entry&m=ewei_shopv2&do=mobile',
    'redirection' => true,
    'source' => 'VIEW',
  ),
)

2019-07-29 11:54:17 response :
------------

2019-07-29 17:42:22 trace :
------------
String:
<xml><ToUserName><![CDATA[gh_ffb9862d4c99]]></ToUserName>
<FromUserName><![CDATA[o3Omm1ZI1qarsMMkDRPifxtLsln8]]></FromUserName>
<CreateTime>1564393342</CreateTime>
<MsgType><![CDATA[event]]></MsgType>
<Event><![CDATA[VIEW]]></Event>
<EventKey><![CDATA[http://ydd.gzchujiao.com/app/index.php?i=1&c=entry&m=ewei_shopv2&do=mobile&r=member]]></EventKey>
<MenuId>464057283</MenuId>
</xml>

2019-07-29 17:42:22 params :
------------
String:
array (
  'rule' => -2,
  'module' => '',
  'message' => 
  array (
    'tousername' => 'gh_ffb9862d4c99',
    'fromusername' => 'o3Omm1ZI1qarsMMkDRPifxtLsln8',
    'createtime' => '1564393342',
    'msgtype' => 'event',
    'event' => 'VIEW',
    'eventkey' => 'http://ydd.gzchujiao.com/app/index.php?i=1&c=entry&m=ewei_shopv2&do=mobile&r=member',
    'menuid' => '464057283',
    'from' => 'o3Omm1ZI1qarsMMkDRPifxtLsln8',
    'to' => 'gh_ffb9862d4c99',
    'time' => '1564393342',
    'type' => 'text',
    'content' => 'http://ydd.gzchujiao.com/app/index.php?i=1&c=entry&m=ewei_shopv2&do=mobile&r=member',
    'redirection' => true,
    'source' => 'VIEW',
  ),
)

2019-07-29 17:42:22 response :
------------

2019-07-29 17:47:50 trace :
------------
String:
<xml><ToUserName><![CDATA[gh_ffb9862d4c99]]></ToUserName>
<FromUserName><![CDATA[o3Omm1ZI1qarsMMkDRPifxtLsln8]]></FromUserName>
<CreateTime>1564393670</CreateTime>
<MsgType><![CDATA[event]]></MsgType>
<Event><![CDATA[VIEW]]></Event>
<EventKey><![CDATA[http://ydd.gzchujiao.com/app/index.php?i=1&c=entry&m=ewei_shopv2&do=mobile]]></EventKey>
<MenuId>464057283</MenuId>
</xml>

2019-07-29 17:47:50 params :
------------
String:
array (
  'rule' => -2,
  'module' => '',
  'message' => 
  array (
    'tousername' => 'gh_ffb9862d4c99',
    'fromusername' => 'o3Omm1ZI1qarsMMkDRPifxtLsln8',
    'createtime' => '1564393670',
    'msgtype' => 'event',
    'event' => 'VIEW',
    'eventkey' => 'http://ydd.gzchujiao.com/app/index.php?i=1&c=entry&m=ewei_shopv2&do=mobile',
    'menuid' => '464057283',
    'from' => 'o3Omm1ZI1qarsMMkDRPifxtLsln8',
    'to' => 'gh_ffb9862d4c99',
    'time' => '1564393670',
    'type' => 'text',
    'content' => 'http://ydd.gzchujiao.com/app/index.php?i=1&c=entry&m=ewei_shopv2&do=mobile',
    'redirection' => true,
    'source' => 'VIEW',
  ),
)

2019-07-29 17:47:50 response :
------------

