2019-09-03 14:16:31 trace :
------------
String:
<xml><ToUserName><![CDATA[gh_ffb9862d4c99]]></ToUserName>
<FromUserName><![CDATA[o3Omm1XFBufS9X6cL_bNF1LEvWnw]]></FromUserName>
<CreateTime>1567491391</CreateTime>
<MsgType><![CDATA[text]]></MsgType>
<Content><![CDATA[Hi]]></Content>
<MsgId>22441082857171321</MsgId>
</xml>

2019-09-03 14:16:31 params :
------------
String:
array (
  'rule' => -2,
  'module' => '',
  'message' => 
  array (
    'tousername' => 'gh_ffb9862d4c99',
    'fromusername' => 'o3Omm1XFBufS9X6cL_bNF1LEvWnw',
    'createtime' => '1567491391',
    'msgtype' => 'text',
    'content' => 'Hi',
    'msgid' => '22441082857171321',
    'from' => 'o3Omm1XFBufS9X6cL_bNF1LEvWnw',
    'to' => 'gh_ffb9862d4c99',
    'time' => '1567491391',
    'type' => 'text',
    'event' => NULL,
    'redirection' => false,
    'source' => NULL,
  ),
)

2019-09-03 14:16:31 response :
------------

