2019-09-12 13:41:41 trace :
------------
String:
<xml><ToUserName><![CDATA[gh_ffb9862d4c99]]></ToUserName>
<FromUserName><![CDATA[o3Omm1ZI1qarsMMkDRPifxtLsln8]]></FromUserName>
<CreateTime>1568266900</CreateTime>
<MsgType><![CDATA[event]]></MsgType>
<Event><![CDATA[VIEW]]></Event>
<EventKey><![CDATA[http://ydd.gzchujiao.com/app/index.php?i=3&c=entry&m=ewei_shopv2&do=mobile]]></EventKey>
<MenuId>464065743</MenuId>
</xml>

2019-09-12 13:41:41 params :
------------
String:
array (
  'rule' => -2,
  'module' => '',
  'message' => 
  array (
    'tousername' => 'gh_ffb9862d4c99',
    'fromusername' => 'o3Omm1ZI1qarsMMkDRPifxtLsln8',
    'createtime' => '1568266900',
    'msgtype' => 'event',
    'event' => 'VIEW',
    'eventkey' => 'http://ydd.gzchujiao.com/app/index.php?i=3&c=entry&m=ewei_shopv2&do=mobile',
    'menuid' => '464065743',
    'from' => 'o3Omm1ZI1qarsMMkDRPifxtLsln8',
    'to' => 'gh_ffb9862d4c99',
    'time' => '1568266900',
    'type' => 'text',
    'content' => 'http://ydd.gzchujiao.com/app/index.php?i=3&c=entry&m=ewei_shopv2&do=mobile',
    'redirection' => true,
    'source' => 'VIEW',
  ),
)

2019-09-12 13:41:41 response :
------------

2019-09-12 18:42:59 trace :
------------
String:
<xml><ToUserName><![CDATA[gh_ef6cc75b76ac]]></ToUserName>
<FromUserName><![CDATA[o7hDG1EfGMJGYJuuLPksvHCMX8d4]]></FromUserName>
<CreateTime>1568284979</CreateTime>
<MsgType><![CDATA[event]]></MsgType>
<Event><![CDATA[subscribe]]></Event>
<EventKey><![CDATA[]]></EventKey>
</xml>

2019-09-12 18:43:00 params :
------------
String:
array (
  'rule' => -2,
  'module' => '',
  'message' => 
  array (
    'tousername' => 'gh_ef6cc75b76ac',
    'fromusername' => 'o7hDG1EfGMJGYJuuLPksvHCMX8d4',
    'createtime' => '1568284979',
    'msgtype' => 'event',
    'event' => 'subscribe',
    'eventkey' => '',
    'from' => 'o7hDG1EfGMJGYJuuLPksvHCMX8d4',
    'to' => 'gh_ef6cc75b76ac',
    'time' => '1568284979',
    'type' => 'text',
    'redirection' => true,
    'source' => 'subscribe',
  ),
)

2019-09-12 18:43:00 response :
------------

