2019-09-24 09:51:32 trace :
------------
String:
<xml><ToUserName><![CDATA[gh_ffb9862d4c99]]></ToUserName>
<FromUserName><![CDATA[o3Omm1cUyKSf2k79ESEYvRh0n_qg]]></FromUserName>
<CreateTime>1569289891</CreateTime>
<MsgType><![CDATA[event]]></MsgType>
<Event><![CDATA[subscribe]]></Event>
<EventKey><![CDATA[]]></EventKey>
</xml>

2019-09-24 09:51:33 params :
------------
String:
array (
  'rule' => -2,
  'module' => '',
  'message' => 
  array (
    'tousername' => 'gh_ffb9862d4c99',
    'fromusername' => 'o3Omm1cUyKSf2k79ESEYvRh0n_qg',
    'createtime' => '1569289891',
    'msgtype' => 'event',
    'event' => 'subscribe',
    'eventkey' => '',
    'from' => 'o3Omm1cUyKSf2k79ESEYvRh0n_qg',
    'to' => 'gh_ffb9862d4c99',
    'time' => '1569289891',
    'type' => 'text',
    'redirection' => true,
    'source' => 'subscribe',
  ),
)

2019-09-24 09:51:33 response :
------------

2019-09-24 09:51:39 trace :
------------
String:
<xml><ToUserName><![CDATA[gh_ffb9862d4c99]]></ToUserName>
<FromUserName><![CDATA[o3Omm1cUyKSf2k79ESEYvRh0n_qg]]></FromUserName>
<CreateTime>1569289899</CreateTime>
<MsgType><![CDATA[event]]></MsgType>
<Event><![CDATA[VIEW]]></Event>
<EventKey><![CDATA[http://ydd.gzchujiao.com/app/index.php?i=3&c=entry&m=ewei_shopv2&do=mobile]]></EventKey>
<MenuId>464065743</MenuId>
</xml>

2019-09-24 09:51:39 params :
------------
String:
array (
  'rule' => -2,
  'module' => '',
  'message' => 
  array (
    'tousername' => 'gh_ffb9862d4c99',
    'fromusername' => 'o3Omm1cUyKSf2k79ESEYvRh0n_qg',
    'createtime' => '1569289899',
    'msgtype' => 'event',
    'event' => 'VIEW',
    'eventkey' => 'http://ydd.gzchujiao.com/app/index.php?i=3&c=entry&m=ewei_shopv2&do=mobile',
    'menuid' => '464065743',
    'from' => 'o3Omm1cUyKSf2k79ESEYvRh0n_qg',
    'to' => 'gh_ffb9862d4c99',
    'time' => '1569289899',
    'type' => 'text',
    'content' => 'http://ydd.gzchujiao.com/app/index.php?i=3&c=entry&m=ewei_shopv2&do=mobile',
    'redirection' => true,
    'source' => 'VIEW',
  ),
)

2019-09-24 09:51:39 response :
------------

