2019-08-19 03:15:26 trace :
------------
String:
<xml><ToUserName><![CDATA[gh_ef6cc75b76ac]]></ToUserName>
<FromUserName><![CDATA[o7hDG1CPIfk6tyGQaAShGTL5kH80]]></FromUserName>
<CreateTime>1566155715</CreateTime>
<MsgType><![CDATA[event]]></MsgType>
<Event><![CDATA[annual_renew]]></Event>
<ExpiredTime>1573894319</ExpiredTime>
</xml>

2019-08-19 03:15:26 params :
------------
String:
array (
  'rule' => -2,
  'module' => '',
  'message' => 
  array (
    'tousername' => 'gh_ef6cc75b76ac',
    'fromusername' => 'o7hDG1CPIfk6tyGQaAShGTL5kH80',
    'createtime' => '1566155715',
    'msgtype' => 'event',
    'event' => 'annual_renew',
    'expiredtime' => '1573894319',
    'from' => 'o7hDG1CPIfk6tyGQaAShGTL5kH80',
    'to' => 'gh_ef6cc75b76ac',
    'time' => '1566155715',
    'type' => 'event',
  ),
)

2019-08-19 03:15:26 response :
------------

2019-08-19 07:44:28 trace :
------------
String:
<xml><ToUserName><![CDATA[gh_ffb9862d4c99]]></ToUserName>
<FromUserName><![CDATA[o3Omm1aLTCB7zEKrqrtPHW1Cm1CM]]></FromUserName>
<CreateTime>1566171867</CreateTime>
<MsgType><![CDATA[text]]></MsgType>
<Content><![CDATA[Hi]]></Content>
<MsgId>22422189055986415</MsgId>
</xml>

2019-08-19 07:44:28 params :
------------
String:
array (
  'rule' => -2,
  'module' => '',
  'message' => 
  array (
    'tousername' => 'gh_ffb9862d4c99',
    'fromusername' => 'o3Omm1aLTCB7zEKrqrtPHW1Cm1CM',
    'createtime' => '1566171867',
    'msgtype' => 'text',
    'content' => 'Hi',
    'msgid' => '22422189055986415',
    'from' => 'o3Omm1aLTCB7zEKrqrtPHW1Cm1CM',
    'to' => 'gh_ffb9862d4c99',
    'time' => '1566171867',
    'type' => 'text',
    'event' => NULL,
    'redirection' => false,
    'source' => NULL,
  ),
)

2019-08-19 07:44:28 response :
------------

2019-08-19 07:45:13 trace :
------------
String:
<xml><ToUserName><![CDATA[gh_ffb9862d4c99]]></ToUserName>
<FromUserName><![CDATA[o3Omm1aLTCB7zEKrqrtPHW1Cm1CM]]></FromUserName>
<CreateTime>1566171912</CreateTime>
<MsgType><![CDATA[event]]></MsgType>
<Event><![CDATA[VIEW]]></Event>
<EventKey><![CDATA[http://ydd.gzchujiao.com/app/index.php?i=3&c=entry&m=ewei_shopv2&do=mobile&r=member]]></EventKey>
<MenuId>464065743</MenuId>
</xml>

2019-08-19 07:45:13 params :
------------
String:
array (
  'rule' => -2,
  'module' => '',
  'message' => 
  array (
    'tousername' => 'gh_ffb9862d4c99',
    'fromusername' => 'o3Omm1aLTCB7zEKrqrtPHW1Cm1CM',
    'createtime' => '1566171912',
    'msgtype' => 'event',
    'event' => 'VIEW',
    'eventkey' => 'http://ydd.gzchujiao.com/app/index.php?i=3&c=entry&m=ewei_shopv2&do=mobile&r=member',
    'menuid' => '464065743',
    'from' => 'o3Omm1aLTCB7zEKrqrtPHW1Cm1CM',
    'to' => 'gh_ffb9862d4c99',
    'time' => '1566171912',
    'type' => 'text',
    'content' => 'http://ydd.gzchujiao.com/app/index.php?i=3&c=entry&m=ewei_shopv2&do=mobile&r=member',
    'redirection' => true,
    'source' => 'VIEW',
  ),
)

2019-08-19 07:45:13 response :
------------

2019-08-19 09:10:20 trace :
------------
String:
<xml><ToUserName><![CDATA[gh_ffb9862d4c99]]></ToUserName>
<FromUserName><![CDATA[o3Omm1TE6UUtuKVrK9Pi8uuS_-dU]]></FromUserName>
<CreateTime>1566177020</CreateTime>
<MsgType><![CDATA[event]]></MsgType>
<Event><![CDATA[VIEW]]></Event>
<EventKey><![CDATA[http://ydd.gzchujiao.com/app/index.php?i=3&c=entry&m=ewei_shopv2&do=mobile&r=member]]></EventKey>
<MenuId>464065743</MenuId>
</xml>

2019-08-19 09:10:20 params :
------------
String:
array (
  'rule' => -2,
  'module' => '',
  'message' => 
  array (
    'tousername' => 'gh_ffb9862d4c99',
    'fromusername' => 'o3Omm1TE6UUtuKVrK9Pi8uuS_-dU',
    'createtime' => '1566177020',
    'msgtype' => 'event',
    'event' => 'VIEW',
    'eventkey' => 'http://ydd.gzchujiao.com/app/index.php?i=3&c=entry&m=ewei_shopv2&do=mobile&r=member',
    'menuid' => '464065743',
    'from' => 'o3Omm1TE6UUtuKVrK9Pi8uuS_-dU',
    'to' => 'gh_ffb9862d4c99',
    'time' => '1566177020',
    'type' => 'text',
    'content' => 'http://ydd.gzchujiao.com/app/index.php?i=3&c=entry&m=ewei_shopv2&do=mobile&r=member',
    'redirection' => true,
    'source' => 'VIEW',
  ),
)

2019-08-19 09:10:20 response :
------------

2019-08-19 13:35:47 trace :
------------
String:
<xml><ToUserName><![CDATA[gh_ffb9862d4c99]]></ToUserName>
<FromUserName><![CDATA[o3Omm1ZI1qarsMMkDRPifxtLsln8]]></FromUserName>
<CreateTime>1566192947</CreateTime>
<MsgType><![CDATA[event]]></MsgType>
<Event><![CDATA[VIEW]]></Event>
<EventKey><![CDATA[http://ydd.gzchujiao.com/app/index.php?i=3&c=entry&m=ewei_shopv2&do=mobile]]></EventKey>
<MenuId>464065743</MenuId>
</xml>

2019-08-19 13:35:47 params :
------------
String:
array (
  'rule' => -2,
  'module' => '',
  'message' => 
  array (
    'tousername' => 'gh_ffb9862d4c99',
    'fromusername' => 'o3Omm1ZI1qarsMMkDRPifxtLsln8',
    'createtime' => '1566192947',
    'msgtype' => 'event',
    'event' => 'VIEW',
    'eventkey' => 'http://ydd.gzchujiao.com/app/index.php?i=3&c=entry&m=ewei_shopv2&do=mobile',
    'menuid' => '464065743',
    'from' => 'o3Omm1ZI1qarsMMkDRPifxtLsln8',
    'to' => 'gh_ffb9862d4c99',
    'time' => '1566192947',
    'type' => 'text',
    'content' => 'http://ydd.gzchujiao.com/app/index.php?i=3&c=entry&m=ewei_shopv2&do=mobile',
    'redirection' => true,
    'source' => 'VIEW',
  ),
)

2019-08-19 13:35:47 response :
------------

2019-08-19 13:42:16 trace :
------------
String:
<xml><ToUserName><![CDATA[gh_ffb9862d4c99]]></ToUserName>
<FromUserName><![CDATA[o3Omm1e5egJsLwlsqyRKnPc5xLsg]]></FromUserName>
<CreateTime>1566193336</CreateTime>
<MsgType><![CDATA[event]]></MsgType>
<Event><![CDATA[subscribe]]></Event>
<EventKey><![CDATA[]]></EventKey>
</xml>

2019-08-19 13:42:16 params :
------------
String:
array (
  'rule' => -2,
  'module' => '',
  'message' => 
  array (
    'tousername' => 'gh_ffb9862d4c99',
    'fromusername' => 'o3Omm1e5egJsLwlsqyRKnPc5xLsg',
    'createtime' => '1566193336',
    'msgtype' => 'event',
    'event' => 'subscribe',
    'eventkey' => '',
    'from' => 'o3Omm1e5egJsLwlsqyRKnPc5xLsg',
    'to' => 'gh_ffb9862d4c99',
    'time' => '1566193336',
    'type' => 'text',
    'redirection' => true,
    'source' => 'subscribe',
  ),
)

2019-08-19 13:42:16 response :
------------

2019-08-19 13:43:47 trace :
------------
String:
<xml><ToUserName><![CDATA[gh_ffb9862d4c99]]></ToUserName>
<FromUserName><![CDATA[o3Omm1f3tfJLKKmFhmuEFKU_AiZI]]></FromUserName>
<CreateTime>1566193427</CreateTime>
<MsgType><![CDATA[event]]></MsgType>
<Event><![CDATA[VIEW]]></Event>
<EventKey><![CDATA[http://ydd.gzchujiao.com/app/index.php?i=3&c=entry&m=ewei_shopv2&do=mobile]]></EventKey>
<MenuId>464065743</MenuId>
</xml>

2019-08-19 13:43:47 params :
------------
String:
array (
  'rule' => -2,
  'module' => '',
  'message' => 
  array (
    'tousername' => 'gh_ffb9862d4c99',
    'fromusername' => 'o3Omm1f3tfJLKKmFhmuEFKU_AiZI',
    'createtime' => '1566193427',
    'msgtype' => 'event',
    'event' => 'VIEW',
    'eventkey' => 'http://ydd.gzchujiao.com/app/index.php?i=3&c=entry&m=ewei_shopv2&do=mobile',
    'menuid' => '464065743',
    'from' => 'o3Omm1f3tfJLKKmFhmuEFKU_AiZI',
    'to' => 'gh_ffb9862d4c99',
    'time' => '1566193427',
    'type' => 'text',
    'content' => 'http://ydd.gzchujiao.com/app/index.php?i=3&c=entry&m=ewei_shopv2&do=mobile',
    'redirection' => true,
    'source' => 'VIEW',
  ),
)

2019-08-19 13:43:47 response :
------------

2019-08-19 13:45:29 trace :
------------
String:
<xml><ToUserName><![CDATA[gh_ffb9862d4c99]]></ToUserName>
<FromUserName><![CDATA[o3Omm1ZI1qarsMMkDRPifxtLsln8]]></FromUserName>
<CreateTime>1566193529</CreateTime>
<MsgType><![CDATA[event]]></MsgType>
<Event><![CDATA[VIEW]]></Event>
<EventKey><![CDATA[http://ydd.gzchujiao.com/app/index.php?i=3&c=entry&m=ewei_shopv2&do=mobile&r=member]]></EventKey>
<MenuId>464065743</MenuId>
</xml>

2019-08-19 13:45:29 params :
------------
String:
array (
  'rule' => -2,
  'module' => '',
  'message' => 
  array (
    'tousername' => 'gh_ffb9862d4c99',
    'fromusername' => 'o3Omm1ZI1qarsMMkDRPifxtLsln8',
    'createtime' => '1566193529',
    'msgtype' => 'event',
    'event' => 'VIEW',
    'eventkey' => 'http://ydd.gzchujiao.com/app/index.php?i=3&c=entry&m=ewei_shopv2&do=mobile&r=member',
    'menuid' => '464065743',
    'from' => 'o3Omm1ZI1qarsMMkDRPifxtLsln8',
    'to' => 'gh_ffb9862d4c99',
    'time' => '1566193529',
    'type' => 'text',
    'content' => 'http://ydd.gzchujiao.com/app/index.php?i=3&c=entry&m=ewei_shopv2&do=mobile&r=member',
    'redirection' => true,
    'source' => 'VIEW',
  ),
)

2019-08-19 13:45:29 response :
------------

2019-08-19 13:48:38 trace :
------------
String:
<xml><ToUserName><![CDATA[gh_ffb9862d4c99]]></ToUserName>
<FromUserName><![CDATA[o3Omm1f3tfJLKKmFhmuEFKU_AiZI]]></FromUserName>
<CreateTime>1566193718</CreateTime>
<MsgType><![CDATA[event]]></MsgType>
<Event><![CDATA[VIEW]]></Event>
<EventKey><![CDATA[http://ydd.gzchujiao.com/app/index.php?i=3&c=entry&m=ewei_shopv2&do=mobile]]></EventKey>
<MenuId>464065743</MenuId>
</xml>

2019-08-19 13:48:38 params :
------------
String:
array (
  'rule' => -2,
  'module' => '',
  'message' => 
  array (
    'tousername' => 'gh_ffb9862d4c99',
    'fromusername' => 'o3Omm1f3tfJLKKmFhmuEFKU_AiZI',
    'createtime' => '1566193718',
    'msgtype' => 'event',
    'event' => 'VIEW',
    'eventkey' => 'http://ydd.gzchujiao.com/app/index.php?i=3&c=entry&m=ewei_shopv2&do=mobile',
    'menuid' => '464065743',
    'from' => 'o3Omm1f3tfJLKKmFhmuEFKU_AiZI',
    'to' => 'gh_ffb9862d4c99',
    'time' => '1566193718',
    'type' => 'text',
    'content' => 'http://ydd.gzchujiao.com/app/index.php?i=3&c=entry&m=ewei_shopv2&do=mobile',
    'redirection' => true,
    'source' => 'VIEW',
  ),
)

2019-08-19 13:48:38 response :
------------

2019-08-19 13:56:19 trace :
------------
String:
<xml><ToUserName><![CDATA[gh_ffb9862d4c99]]></ToUserName>
<FromUserName><![CDATA[o3Omm1e5egJsLwlsqyRKnPc5xLsg]]></FromUserName>
<CreateTime>1566194179</CreateTime>
<MsgType><![CDATA[event]]></MsgType>
<Event><![CDATA[VIEW]]></Event>
<EventKey><![CDATA[http://ydd.gzchujiao.com/app/index.php?i=3&c=entry&m=ewei_shopv2&do=mobile&r=member]]></EventKey>
<MenuId>464065743</MenuId>
</xml>

2019-08-19 13:56:19 params :
------------
String:
array (
  'rule' => -2,
  'module' => '',
  'message' => 
  array (
    'tousername' => 'gh_ffb9862d4c99',
    'fromusername' => 'o3Omm1e5egJsLwlsqyRKnPc5xLsg',
    'createtime' => '1566194179',
    'msgtype' => 'event',
    'event' => 'VIEW',
    'eventkey' => 'http://ydd.gzchujiao.com/app/index.php?i=3&c=entry&m=ewei_shopv2&do=mobile&r=member',
    'menuid' => '464065743',
    'from' => 'o3Omm1e5egJsLwlsqyRKnPc5xLsg',
    'to' => 'gh_ffb9862d4c99',
    'time' => '1566194179',
    'type' => 'text',
    'content' => 'http://ydd.gzchujiao.com/app/index.php?i=3&c=entry&m=ewei_shopv2&do=mobile&r=member',
    'redirection' => true,
    'source' => 'VIEW',
  ),
)

2019-08-19 13:56:19 response :
------------

2019-08-19 13:57:02 trace :
------------
String:
<xml><ToUserName><![CDATA[gh_ffb9862d4c99]]></ToUserName>
<FromUserName><![CDATA[o3Omm1e5egJsLwlsqyRKnPc5xLsg]]></FromUserName>
<CreateTime>1566194222</CreateTime>
<MsgType><![CDATA[event]]></MsgType>
<Event><![CDATA[VIEW]]></Event>
<EventKey><![CDATA[http://ydd.gzchujiao.com/app/index.php?i=3&c=entry&m=ewei_shopv2&do=mobile]]></EventKey>
<MenuId>464065743</MenuId>
</xml>

2019-08-19 13:57:02 params :
------------
String:
array (
  'rule' => -2,
  'module' => '',
  'message' => 
  array (
    'tousername' => 'gh_ffb9862d4c99',
    'fromusername' => 'o3Omm1e5egJsLwlsqyRKnPc5xLsg',
    'createtime' => '1566194222',
    'msgtype' => 'event',
    'event' => 'VIEW',
    'eventkey' => 'http://ydd.gzchujiao.com/app/index.php?i=3&c=entry&m=ewei_shopv2&do=mobile',
    'menuid' => '464065743',
    'from' => 'o3Omm1e5egJsLwlsqyRKnPc5xLsg',
    'to' => 'gh_ffb9862d4c99',
    'time' => '1566194222',
    'type' => 'text',
    'content' => 'http://ydd.gzchujiao.com/app/index.php?i=3&c=entry&m=ewei_shopv2&do=mobile',
    'redirection' => true,
    'source' => 'VIEW',
  ),
)

2019-08-19 13:57:02 response :
------------

2019-08-19 13:57:22 trace :
------------
String:
<xml><ToUserName><![CDATA[gh_ffb9862d4c99]]></ToUserName>
<FromUserName><![CDATA[o3Omm1f3tfJLKKmFhmuEFKU_AiZI]]></FromUserName>
<CreateTime>1566194241</CreateTime>
<MsgType><![CDATA[event]]></MsgType>
<Event><![CDATA[VIEW]]></Event>
<EventKey><![CDATA[http://ydd.gzchujiao.com/app/index.php?i=3&c=entry&m=ewei_shopv2&do=mobile]]></EventKey>
<MenuId>464065743</MenuId>
</xml>

2019-08-19 13:57:22 params :
------------
String:
array (
  'rule' => -2,
  'module' => '',
  'message' => 
  array (
    'tousername' => 'gh_ffb9862d4c99',
    'fromusername' => 'o3Omm1f3tfJLKKmFhmuEFKU_AiZI',
    'createtime' => '1566194241',
    'msgtype' => 'event',
    'event' => 'VIEW',
    'eventkey' => 'http://ydd.gzchujiao.com/app/index.php?i=3&c=entry&m=ewei_shopv2&do=mobile',
    'menuid' => '464065743',
    'from' => 'o3Omm1f3tfJLKKmFhmuEFKU_AiZI',
    'to' => 'gh_ffb9862d4c99',
    'time' => '1566194241',
    'type' => 'text',
    'content' => 'http://ydd.gzchujiao.com/app/index.php?i=3&c=entry&m=ewei_shopv2&do=mobile',
    'redirection' => true,
    'source' => 'VIEW',
  ),
)

2019-08-19 13:57:22 response :
------------

