2019-10-06 13:36:36 trace :
------------
String:
<xml><ToUserName><![CDATA[gh_ffb9862d4c99]]></ToUserName>
<FromUserName><![CDATA[o3Omm1fXUEVEMqPZuLlCdrdDrH7w]]></FromUserName>
<CreateTime>1570340195</CreateTime>
<MsgType><![CDATA[event]]></MsgType>
<Event><![CDATA[VIEW]]></Event>
<EventKey><![CDATA[http://ydd.gzchujiao.com/app/index.php?i=3&c=entry&m=ewei_shopv2&do=mobile]]></EventKey>
<MenuId>464065743</MenuId>
</xml>

2019-10-06 13:36:36 params :
------------
String:
array (
  'rule' => -2,
  'module' => '',
  'message' => 
  array (
    'tousername' => 'gh_ffb9862d4c99',
    'fromusername' => 'o3Omm1fXUEVEMqPZuLlCdrdDrH7w',
    'createtime' => '1570340195',
    'msgtype' => 'event',
    'event' => 'VIEW',
    'eventkey' => 'http://ydd.gzchujiao.com/app/index.php?i=3&c=entry&m=ewei_shopv2&do=mobile',
    'menuid' => '464065743',
    'from' => 'o3Omm1fXUEVEMqPZuLlCdrdDrH7w',
    'to' => 'gh_ffb9862d4c99',
    'time' => '1570340195',
    'type' => 'text',
    'content' => 'http://ydd.gzchujiao.com/app/index.php?i=3&c=entry&m=ewei_shopv2&do=mobile',
    'redirection' => true,
    'source' => 'VIEW',
  ),
)

2019-10-06 13:36:36 response :
------------

2019-10-06 13:37:33 trace :
------------
String:
<xml><ToUserName><![CDATA[gh_ffb9862d4c99]]></ToUserName>
<FromUserName><![CDATA[o3Omm1fXUEVEMqPZuLlCdrdDrH7w]]></FromUserName>
<CreateTime>1570340252</CreateTime>
<MsgType><![CDATA[event]]></MsgType>
<Event><![CDATA[VIEW]]></Event>
<EventKey><![CDATA[http://ydd.gzchujiao.com/app/index.php?i=3&c=entry&m=ewei_shopv2&do=mobile&r=member]]></EventKey>
<MenuId>464065743</MenuId>
</xml>

2019-10-06 13:37:33 params :
------------
String:
array (
  'rule' => -2,
  'module' => '',
  'message' => 
  array (
    'tousername' => 'gh_ffb9862d4c99',
    'fromusername' => 'o3Omm1fXUEVEMqPZuLlCdrdDrH7w',
    'createtime' => '1570340252',
    'msgtype' => 'event',
    'event' => 'VIEW',
    'eventkey' => 'http://ydd.gzchujiao.com/app/index.php?i=3&c=entry&m=ewei_shopv2&do=mobile&r=member',
    'menuid' => '464065743',
    'from' => 'o3Omm1fXUEVEMqPZuLlCdrdDrH7w',
    'to' => 'gh_ffb9862d4c99',
    'time' => '1570340252',
    'type' => 'text',
    'content' => 'http://ydd.gzchujiao.com/app/index.php?i=3&c=entry&m=ewei_shopv2&do=mobile&r=member',
    'redirection' => true,
    'source' => 'VIEW',
  ),
)

2019-10-06 13:37:33 response :
------------

2019-10-06 13:39:13 trace :
------------
String:
<xml><ToUserName><![CDATA[gh_ffb9862d4c99]]></ToUserName>
<FromUserName><![CDATA[o3Omm1fXUEVEMqPZuLlCdrdDrH7w]]></FromUserName>
<CreateTime>1570340353</CreateTime>
<MsgType><![CDATA[event]]></MsgType>
<Event><![CDATA[VIEW]]></Event>
<EventKey><![CDATA[http://ydd.gzchujiao.com/app/index.php?i=3&c=entry&m=ewei_shopv2&do=mobile]]></EventKey>
<MenuId>464065743</MenuId>
</xml>

2019-10-06 13:39:13 params :
------------
String:
array (
  'rule' => -2,
  'module' => '',
  'message' => 
  array (
    'tousername' => 'gh_ffb9862d4c99',
    'fromusername' => 'o3Omm1fXUEVEMqPZuLlCdrdDrH7w',
    'createtime' => '1570340353',
    'msgtype' => 'event',
    'event' => 'VIEW',
    'eventkey' => 'http://ydd.gzchujiao.com/app/index.php?i=3&c=entry&m=ewei_shopv2&do=mobile',
    'menuid' => '464065743',
    'from' => 'o3Omm1fXUEVEMqPZuLlCdrdDrH7w',
    'to' => 'gh_ffb9862d4c99',
    'time' => '1570340353',
    'type' => 'text',
    'content' => 'http://ydd.gzchujiao.com/app/index.php?i=3&c=entry&m=ewei_shopv2&do=mobile',
    'redirection' => true,
    'source' => 'VIEW',
  ),
)

2019-10-06 13:39:13 response :
------------

