2019-08-07 12:23:57 trace :
------------
String:
<xml><ToUserName><![CDATA[gh_ffb9862d4c99]]></ToUserName>
<FromUserName><![CDATA[o3Omm1ZTIpcIBuKC75I4JvR2tuUs]]></FromUserName>
<CreateTime>1565151837</CreateTime>
<MsgType><![CDATA[event]]></MsgType>
<Event><![CDATA[qualification_verify_success]]></Event>
<ExpiredTime>1597491645</ExpiredTime>
</xml>

2019-08-07 12:23:57 params :
------------
String:
array (
  'rule' => -2,
  'module' => '',
  'message' => 
  array (
    'tousername' => 'gh_ffb9862d4c99',
    'fromusername' => 'o3Omm1ZTIpcIBuKC75I4JvR2tuUs',
    'createtime' => '1565151837',
    'msgtype' => 'event',
    'event' => 'qualification_verify_success',
    'expiredtime' => '1597491645',
    'from' => 'o3Omm1ZTIpcIBuKC75I4JvR2tuUs',
    'to' => 'gh_ffb9862d4c99',
    'time' => '1565151837',
    'type' => 'event',
  ),
)

2019-08-07 12:23:57 response :
------------

2019-08-07 12:24:01 trace :
------------
String:
<xml><ToUserName><![CDATA[gh_ffb9862d4c99]]></ToUserName>
<FromUserName><![CDATA[o3Omm1ZTIpcIBuKC75I4JvR2tuUs]]></FromUserName>
<CreateTime>1565151841</CreateTime>
<MsgType><![CDATA[event]]></MsgType>
<Event><![CDATA[naming_verify_success]]></Event>
<ExpiredTime>1597491645</ExpiredTime>
</xml>

2019-08-07 12:24:01 params :
------------
String:
array (
  'rule' => -2,
  'module' => '',
  'message' => 
  array (
    'tousername' => 'gh_ffb9862d4c99',
    'fromusername' => 'o3Omm1ZTIpcIBuKC75I4JvR2tuUs',
    'createtime' => '1565151841',
    'msgtype' => 'event',
    'event' => 'naming_verify_success',
    'expiredtime' => '1597491645',
    'from' => 'o3Omm1ZTIpcIBuKC75I4JvR2tuUs',
    'to' => 'gh_ffb9862d4c99',
    'time' => '1565151841',
    'type' => 'event',
  ),
)

2019-08-07 12:24:01 response :
------------

2019-08-07 17:39:58 trace :
------------
String:
<xml><ToUserName><![CDATA[gh_ffb9862d4c99]]></ToUserName>
<FromUserName><![CDATA[o3Omm1ZI1qarsMMkDRPifxtLsln8]]></FromUserName>
<CreateTime>1565170798</CreateTime>
<MsgType><![CDATA[event]]></MsgType>
<Event><![CDATA[VIEW]]></Event>
<EventKey><![CDATA[http://ydd.gzchujiao.com/app/index.php?i=3&c=entry&m=ewei_shopv2&do=mobile]]></EventKey>
<MenuId>464065743</MenuId>
</xml>

2019-08-07 17:39:58 params :
------------
String:
array (
  'rule' => -2,
  'module' => '',
  'message' => 
  array (
    'tousername' => 'gh_ffb9862d4c99',
    'fromusername' => 'o3Omm1ZI1qarsMMkDRPifxtLsln8',
    'createtime' => '1565170798',
    'msgtype' => 'event',
    'event' => 'VIEW',
    'eventkey' => 'http://ydd.gzchujiao.com/app/index.php?i=3&c=entry&m=ewei_shopv2&do=mobile',
    'menuid' => '464065743',
    'from' => 'o3Omm1ZI1qarsMMkDRPifxtLsln8',
    'to' => 'gh_ffb9862d4c99',
    'time' => '1565170798',
    'type' => 'text',
    'content' => 'http://ydd.gzchujiao.com/app/index.php?i=3&c=entry&m=ewei_shopv2&do=mobile',
    'redirection' => true,
    'source' => 'VIEW',
  ),
)

2019-08-07 17:39:58 response :
------------

2019-08-07 17:42:10 trace :
------------
String:
<xml><ToUserName><![CDATA[gh_ffb9862d4c99]]></ToUserName>
<FromUserName><![CDATA[o3Omm1bD0McZV2eMtBlRJU7_ujrE]]></FromUserName>
<CreateTime>1565170929</CreateTime>
<MsgType><![CDATA[event]]></MsgType>
<Event><![CDATA[subscribe]]></Event>
<EventKey><![CDATA[]]></EventKey>
</xml>

2019-08-07 17:42:10 params :
------------
String:
array (
  'rule' => -2,
  'module' => '',
  'message' => 
  array (
    'tousername' => 'gh_ffb9862d4c99',
    'fromusername' => 'o3Omm1bD0McZV2eMtBlRJU7_ujrE',
    'createtime' => '1565170929',
    'msgtype' => 'event',
    'event' => 'subscribe',
    'eventkey' => '',
    'from' => 'o3Omm1bD0McZV2eMtBlRJU7_ujrE',
    'to' => 'gh_ffb9862d4c99',
    'time' => '1565170929',
    'type' => 'text',
    'redirection' => true,
    'source' => 'subscribe',
  ),
)

2019-08-07 17:42:10 response :
------------

2019-08-07 17:42:14 trace :
------------
String:
<xml><ToUserName><![CDATA[gh_ffb9862d4c99]]></ToUserName>
<FromUserName><![CDATA[o3Omm1bD0McZV2eMtBlRJU7_ujrE]]></FromUserName>
<CreateTime>1565170934</CreateTime>
<MsgType><![CDATA[event]]></MsgType>
<Event><![CDATA[VIEW]]></Event>
<EventKey><![CDATA[http://ydd.gzchujiao.com/app/index.php?i=3&c=entry&m=ewei_shopv2&do=mobile]]></EventKey>
<MenuId>464065743</MenuId>
</xml>

2019-08-07 17:42:14 params :
------------
String:
array (
  'rule' => -2,
  'module' => '',
  'message' => 
  array (
    'tousername' => 'gh_ffb9862d4c99',
    'fromusername' => 'o3Omm1bD0McZV2eMtBlRJU7_ujrE',
    'createtime' => '1565170934',
    'msgtype' => 'event',
    'event' => 'VIEW',
    'eventkey' => 'http://ydd.gzchujiao.com/app/index.php?i=3&c=entry&m=ewei_shopv2&do=mobile',
    'menuid' => '464065743',
    'from' => 'o3Omm1bD0McZV2eMtBlRJU7_ujrE',
    'to' => 'gh_ffb9862d4c99',
    'time' => '1565170934',
    'type' => 'text',
    'content' => 'http://ydd.gzchujiao.com/app/index.php?i=3&c=entry&m=ewei_shopv2&do=mobile',
    'redirection' => true,
    'source' => 'VIEW',
  ),
)

2019-08-07 17:42:14 response :
------------

