2019-08-09 11:53:16 trace :
------------
String:
<xml><ToUserName><![CDATA[gh_ffb9862d4c99]]></ToUserName>
<FromUserName><![CDATA[o3Omm1TE6UUtuKVrK9Pi8uuS_-dU]]></FromUserName>
<CreateTime>1565322796</CreateTime>
<MsgType><![CDATA[event]]></MsgType>
<Event><![CDATA[VIEW]]></Event>
<EventKey><![CDATA[http://ydd.gzchujiao.com/app/index.php?i=3&c=entry&m=ewei_shopv2&do=mobile&r=member]]></EventKey>
<MenuId>464065743</MenuId>
</xml>

2019-08-09 11:53:16 params :
------------
String:
array (
  'rule' => -2,
  'module' => '',
  'message' => 
  array (
    'tousername' => 'gh_ffb9862d4c99',
    'fromusername' => 'o3Omm1TE6UUtuKVrK9Pi8uuS_-dU',
    'createtime' => '1565322796',
    'msgtype' => 'event',
    'event' => 'VIEW',
    'eventkey' => 'http://ydd.gzchujiao.com/app/index.php?i=3&c=entry&m=ewei_shopv2&do=mobile&r=member',
    'menuid' => '464065743',
    'from' => 'o3Omm1TE6UUtuKVrK9Pi8uuS_-dU',
    'to' => 'gh_ffb9862d4c99',
    'time' => '1565322796',
    'type' => 'text',
    'content' => 'http://ydd.gzchujiao.com/app/index.php?i=3&c=entry&m=ewei_shopv2&do=mobile&r=member',
    'redirection' => true,
    'source' => 'VIEW',
  ),
)

2019-08-09 11:53:16 response :
------------

2019-08-09 11:58:08 trace :
------------
String:
<xml><ToUserName><![CDATA[gh_ffb9862d4c99]]></ToUserName>
<FromUserName><![CDATA[o3Omm1TE6UUtuKVrK9Pi8uuS_-dU]]></FromUserName>
<CreateTime>1565323088</CreateTime>
<MsgType><![CDATA[event]]></MsgType>
<Event><![CDATA[VIEW]]></Event>
<EventKey><![CDATA[http://ydd.gzchujiao.com/app/index.php?i=3&c=entry&m=ewei_shopv2&do=mobile&r=member]]></EventKey>
<MenuId>464065743</MenuId>
</xml>

2019-08-09 11:58:08 params :
------------
String:
array (
  'rule' => -2,
  'module' => '',
  'message' => 
  array (
    'tousername' => 'gh_ffb9862d4c99',
    'fromusername' => 'o3Omm1TE6UUtuKVrK9Pi8uuS_-dU',
    'createtime' => '1565323088',
    'msgtype' => 'event',
    'event' => 'VIEW',
    'eventkey' => 'http://ydd.gzchujiao.com/app/index.php?i=3&c=entry&m=ewei_shopv2&do=mobile&r=member',
    'menuid' => '464065743',
    'from' => 'o3Omm1TE6UUtuKVrK9Pi8uuS_-dU',
    'to' => 'gh_ffb9862d4c99',
    'time' => '1565323088',
    'type' => 'text',
    'content' => 'http://ydd.gzchujiao.com/app/index.php?i=3&c=entry&m=ewei_shopv2&do=mobile&r=member',
    'redirection' => true,
    'source' => 'VIEW',
  ),
)

2019-08-09 11:58:08 response :
------------

2019-08-09 13:51:29 trace :
------------
String:
<xml><ToUserName><![CDATA[gh_ffb9862d4c99]]></ToUserName>
<FromUserName><![CDATA[o3Omm1f3tfJLKKmFhmuEFKU_AiZI]]></FromUserName>
<CreateTime>1565329888</CreateTime>
<MsgType><![CDATA[event]]></MsgType>
<Event><![CDATA[VIEW]]></Event>
<EventKey><![CDATA[http://ydd.gzchujiao.com/app/index.php?i=3&c=entry&m=ewei_shopv2&do=mobile]]></EventKey>
<MenuId>464065743</MenuId>
</xml>

2019-08-09 13:51:29 params :
------------
String:
array (
  'rule' => -2,
  'module' => '',
  'message' => 
  array (
    'tousername' => 'gh_ffb9862d4c99',
    'fromusername' => 'o3Omm1f3tfJLKKmFhmuEFKU_AiZI',
    'createtime' => '1565329888',
    'msgtype' => 'event',
    'event' => 'VIEW',
    'eventkey' => 'http://ydd.gzchujiao.com/app/index.php?i=3&c=entry&m=ewei_shopv2&do=mobile',
    'menuid' => '464065743',
    'from' => 'o3Omm1f3tfJLKKmFhmuEFKU_AiZI',
    'to' => 'gh_ffb9862d4c99',
    'time' => '1565329888',
    'type' => 'text',
    'content' => 'http://ydd.gzchujiao.com/app/index.php?i=3&c=entry&m=ewei_shopv2&do=mobile',
    'redirection' => true,
    'source' => 'VIEW',
  ),
)

2019-08-09 13:51:29 response :
------------

2019-08-09 13:58:07 trace :
------------
String:
<xml><ToUserName><![CDATA[gh_ffb9862d4c99]]></ToUserName>
<FromUserName><![CDATA[o3Omm1f3tfJLKKmFhmuEFKU_AiZI]]></FromUserName>
<CreateTime>1565330287</CreateTime>
<MsgType><![CDATA[event]]></MsgType>
<Event><![CDATA[VIEW]]></Event>
<EventKey><![CDATA[http://ydd.gzchujiao.com/app/index.php?i=3&c=entry&m=ewei_shopv2&do=mobile]]></EventKey>
<MenuId>464065743</MenuId>
</xml>

2019-08-09 13:58:07 params :
------------
String:
array (
  'rule' => -2,
  'module' => '',
  'message' => 
  array (
    'tousername' => 'gh_ffb9862d4c99',
    'fromusername' => 'o3Omm1f3tfJLKKmFhmuEFKU_AiZI',
    'createtime' => '1565330287',
    'msgtype' => 'event',
    'event' => 'VIEW',
    'eventkey' => 'http://ydd.gzchujiao.com/app/index.php?i=3&c=entry&m=ewei_shopv2&do=mobile',
    'menuid' => '464065743',
    'from' => 'o3Omm1f3tfJLKKmFhmuEFKU_AiZI',
    'to' => 'gh_ffb9862d4c99',
    'time' => '1565330287',
    'type' => 'text',
    'content' => 'http://ydd.gzchujiao.com/app/index.php?i=3&c=entry&m=ewei_shopv2&do=mobile',
    'redirection' => true,
    'source' => 'VIEW',
  ),
)

2019-08-09 13:58:07 response :
------------

2019-08-09 14:00:32 trace :
------------
String:
<xml><ToUserName><![CDATA[gh_ffb9862d4c99]]></ToUserName>
<FromUserName><![CDATA[o3Omm1f3tfJLKKmFhmuEFKU_AiZI]]></FromUserName>
<CreateTime>1565330432</CreateTime>
<MsgType><![CDATA[event]]></MsgType>
<Event><![CDATA[VIEW]]></Event>
<EventKey><![CDATA[http://ydd.gzchujiao.com/app/index.php?i=3&c=entry&m=ewei_shopv2&do=mobile]]></EventKey>
<MenuId>464065743</MenuId>
</xml>

2019-08-09 14:00:32 params :
------------
String:
array (
  'rule' => -2,
  'module' => '',
  'message' => 
  array (
    'tousername' => 'gh_ffb9862d4c99',
    'fromusername' => 'o3Omm1f3tfJLKKmFhmuEFKU_AiZI',
    'createtime' => '1565330432',
    'msgtype' => 'event',
    'event' => 'VIEW',
    'eventkey' => 'http://ydd.gzchujiao.com/app/index.php?i=3&c=entry&m=ewei_shopv2&do=mobile',
    'menuid' => '464065743',
    'from' => 'o3Omm1f3tfJLKKmFhmuEFKU_AiZI',
    'to' => 'gh_ffb9862d4c99',
    'time' => '1565330432',
    'type' => 'text',
    'content' => 'http://ydd.gzchujiao.com/app/index.php?i=3&c=entry&m=ewei_shopv2&do=mobile',
    'redirection' => true,
    'source' => 'VIEW',
  ),
)

2019-08-09 14:00:32 response :
------------

2019-08-09 14:01:26 trace :
------------
String:
<xml><ToUserName><![CDATA[gh_ffb9862d4c99]]></ToUserName>
<FromUserName><![CDATA[o3Omm1f3tfJLKKmFhmuEFKU_AiZI]]></FromUserName>
<CreateTime>1565330486</CreateTime>
<MsgType><![CDATA[event]]></MsgType>
<Event><![CDATA[VIEW]]></Event>
<EventKey><![CDATA[http://ydd.gzchujiao.com/app/index.php?i=3&c=entry&m=ewei_shopv2&do=mobile]]></EventKey>
<MenuId>464065743</MenuId>
</xml>

2019-08-09 14:01:26 params :
------------
String:
array (
  'rule' => -2,
  'module' => '',
  'message' => 
  array (
    'tousername' => 'gh_ffb9862d4c99',
    'fromusername' => 'o3Omm1f3tfJLKKmFhmuEFKU_AiZI',
    'createtime' => '1565330486',
    'msgtype' => 'event',
    'event' => 'VIEW',
    'eventkey' => 'http://ydd.gzchujiao.com/app/index.php?i=3&c=entry&m=ewei_shopv2&do=mobile',
    'menuid' => '464065743',
    'from' => 'o3Omm1f3tfJLKKmFhmuEFKU_AiZI',
    'to' => 'gh_ffb9862d4c99',
    'time' => '1565330486',
    'type' => 'text',
    'content' => 'http://ydd.gzchujiao.com/app/index.php?i=3&c=entry&m=ewei_shopv2&do=mobile',
    'redirection' => true,
    'source' => 'VIEW',
  ),
)

2019-08-09 14:01:26 response :
------------

2019-08-09 14:02:49 trace :
------------
String:
<xml><ToUserName><![CDATA[gh_ffb9862d4c99]]></ToUserName>
<FromUserName><![CDATA[o3Omm1f3tfJLKKmFhmuEFKU_AiZI]]></FromUserName>
<CreateTime>1565330568</CreateTime>
<MsgType><![CDATA[event]]></MsgType>
<Event><![CDATA[VIEW]]></Event>
<EventKey><![CDATA[http://ydd.gzchujiao.com/app/index.php?i=3&c=entry&m=ewei_shopv2&do=mobile]]></EventKey>
<MenuId>464065743</MenuId>
</xml>

2019-08-09 14:02:49 params :
------------
String:
array (
  'rule' => -2,
  'module' => '',
  'message' => 
  array (
    'tousername' => 'gh_ffb9862d4c99',
    'fromusername' => 'o3Omm1f3tfJLKKmFhmuEFKU_AiZI',
    'createtime' => '1565330568',
    'msgtype' => 'event',
    'event' => 'VIEW',
    'eventkey' => 'http://ydd.gzchujiao.com/app/index.php?i=3&c=entry&m=ewei_shopv2&do=mobile',
    'menuid' => '464065743',
    'from' => 'o3Omm1f3tfJLKKmFhmuEFKU_AiZI',
    'to' => 'gh_ffb9862d4c99',
    'time' => '1565330568',
    'type' => 'text',
    'content' => 'http://ydd.gzchujiao.com/app/index.php?i=3&c=entry&m=ewei_shopv2&do=mobile',
    'redirection' => true,
    'source' => 'VIEW',
  ),
)

2019-08-09 14:02:49 response :
------------

2019-08-09 14:04:15 trace :
------------
String:
<xml><ToUserName><![CDATA[gh_ffb9862d4c99]]></ToUserName>
<FromUserName><![CDATA[o3Omm1TE6UUtuKVrK9Pi8uuS_-dU]]></FromUserName>
<CreateTime>1565330655</CreateTime>
<MsgType><![CDATA[event]]></MsgType>
<Event><![CDATA[VIEW]]></Event>
<EventKey><![CDATA[http://ydd.gzchujiao.com/app/index.php?i=3&c=entry&m=ewei_shopv2&do=mobile&r=member]]></EventKey>
<MenuId>464065743</MenuId>
</xml>

2019-08-09 14:04:15 params :
------------
String:
array (
  'rule' => -2,
  'module' => '',
  'message' => 
  array (
    'tousername' => 'gh_ffb9862d4c99',
    'fromusername' => 'o3Omm1TE6UUtuKVrK9Pi8uuS_-dU',
    'createtime' => '1565330655',
    'msgtype' => 'event',
    'event' => 'VIEW',
    'eventkey' => 'http://ydd.gzchujiao.com/app/index.php?i=3&c=entry&m=ewei_shopv2&do=mobile&r=member',
    'menuid' => '464065743',
    'from' => 'o3Omm1TE6UUtuKVrK9Pi8uuS_-dU',
    'to' => 'gh_ffb9862d4c99',
    'time' => '1565330655',
    'type' => 'text',
    'content' => 'http://ydd.gzchujiao.com/app/index.php?i=3&c=entry&m=ewei_shopv2&do=mobile&r=member',
    'redirection' => true,
    'source' => 'VIEW',
  ),
)

2019-08-09 14:04:15 response :
------------

2019-08-09 14:08:29 trace :
------------
String:
<xml><ToUserName><![CDATA[gh_ffb9862d4c99]]></ToUserName>
<FromUserName><![CDATA[o3Omm1TE6UUtuKVrK9Pi8uuS_-dU]]></FromUserName>
<CreateTime>1565330909</CreateTime>
<MsgType><![CDATA[event]]></MsgType>
<Event><![CDATA[VIEW]]></Event>
<EventKey><![CDATA[http://ydd.gzchujiao.com/app/index.php?i=3&c=entry&m=ewei_shopv2&do=mobile&r=member]]></EventKey>
<MenuId>464065743</MenuId>
</xml>

2019-08-09 14:08:29 params :
------------
String:
array (
  'rule' => -2,
  'module' => '',
  'message' => 
  array (
    'tousername' => 'gh_ffb9862d4c99',
    'fromusername' => 'o3Omm1TE6UUtuKVrK9Pi8uuS_-dU',
    'createtime' => '1565330909',
    'msgtype' => 'event',
    'event' => 'VIEW',
    'eventkey' => 'http://ydd.gzchujiao.com/app/index.php?i=3&c=entry&m=ewei_shopv2&do=mobile&r=member',
    'menuid' => '464065743',
    'from' => 'o3Omm1TE6UUtuKVrK9Pi8uuS_-dU',
    'to' => 'gh_ffb9862d4c99',
    'time' => '1565330909',
    'type' => 'text',
    'content' => 'http://ydd.gzchujiao.com/app/index.php?i=3&c=entry&m=ewei_shopv2&do=mobile&r=member',
    'redirection' => true,
    'source' => 'VIEW',
  ),
)

2019-08-09 14:08:29 response :
------------

2019-08-09 14:15:37 trace :
------------
String:
<xml><ToUserName><![CDATA[gh_ffb9862d4c99]]></ToUserName>
<FromUserName><![CDATA[o3Omm1f3tfJLKKmFhmuEFKU_AiZI]]></FromUserName>
<CreateTime>1565331337</CreateTime>
<MsgType><![CDATA[event]]></MsgType>
<Event><![CDATA[VIEW]]></Event>
<EventKey><![CDATA[http://ydd.gzchujiao.com/app/index.php?i=3&c=entry&m=ewei_shopv2&do=mobile]]></EventKey>
<MenuId>464065743</MenuId>
</xml>

2019-08-09 14:15:37 params :
------------
String:
array (
  'rule' => -2,
  'module' => '',
  'message' => 
  array (
    'tousername' => 'gh_ffb9862d4c99',
    'fromusername' => 'o3Omm1f3tfJLKKmFhmuEFKU_AiZI',
    'createtime' => '1565331337',
    'msgtype' => 'event',
    'event' => 'VIEW',
    'eventkey' => 'http://ydd.gzchujiao.com/app/index.php?i=3&c=entry&m=ewei_shopv2&do=mobile',
    'menuid' => '464065743',
    'from' => 'o3Omm1f3tfJLKKmFhmuEFKU_AiZI',
    'to' => 'gh_ffb9862d4c99',
    'time' => '1565331337',
    'type' => 'text',
    'content' => 'http://ydd.gzchujiao.com/app/index.php?i=3&c=entry&m=ewei_shopv2&do=mobile',
    'redirection' => true,
    'source' => 'VIEW',
  ),
)

2019-08-09 14:15:37 response :
------------

2019-08-09 14:22:34 trace :
------------
String:
<xml><ToUserName><![CDATA[gh_ffb9862d4c99]]></ToUserName>
<FromUserName><![CDATA[o3Omm1f3tfJLKKmFhmuEFKU_AiZI]]></FromUserName>
<CreateTime>1565331754</CreateTime>
<MsgType><![CDATA[event]]></MsgType>
<Event><![CDATA[VIEW]]></Event>
<EventKey><![CDATA[http://ydd.gzchujiao.com/app/index.php?i=3&c=entry&m=ewei_shopv2&do=mobile]]></EventKey>
<MenuId>464065743</MenuId>
</xml>

2019-08-09 14:22:34 params :
------------
String:
array (
  'rule' => -2,
  'module' => '',
  'message' => 
  array (
    'tousername' => 'gh_ffb9862d4c99',
    'fromusername' => 'o3Omm1f3tfJLKKmFhmuEFKU_AiZI',
    'createtime' => '1565331754',
    'msgtype' => 'event',
    'event' => 'VIEW',
    'eventkey' => 'http://ydd.gzchujiao.com/app/index.php?i=3&c=entry&m=ewei_shopv2&do=mobile',
    'menuid' => '464065743',
    'from' => 'o3Omm1f3tfJLKKmFhmuEFKU_AiZI',
    'to' => 'gh_ffb9862d4c99',
    'time' => '1565331754',
    'type' => 'text',
    'content' => 'http://ydd.gzchujiao.com/app/index.php?i=3&c=entry&m=ewei_shopv2&do=mobile',
    'redirection' => true,
    'source' => 'VIEW',
  ),
)

2019-08-09 14:22:34 response :
------------

2019-08-09 14:23:25 trace :
------------
String:
<xml><ToUserName><![CDATA[gh_ffb9862d4c99]]></ToUserName>
<FromUserName><![CDATA[o3Omm1f3tfJLKKmFhmuEFKU_AiZI]]></FromUserName>
<CreateTime>1565331805</CreateTime>
<MsgType><![CDATA[event]]></MsgType>
<Event><![CDATA[VIEW]]></Event>
<EventKey><![CDATA[http://ydd.gzchujiao.com/app/index.php?i=3&c=entry&m=ewei_shopv2&do=mobile]]></EventKey>
<MenuId>464065743</MenuId>
</xml>

2019-08-09 14:23:25 params :
------------
String:
array (
  'rule' => -2,
  'module' => '',
  'message' => 
  array (
    'tousername' => 'gh_ffb9862d4c99',
    'fromusername' => 'o3Omm1f3tfJLKKmFhmuEFKU_AiZI',
    'createtime' => '1565331805',
    'msgtype' => 'event',
    'event' => 'VIEW',
    'eventkey' => 'http://ydd.gzchujiao.com/app/index.php?i=3&c=entry&m=ewei_shopv2&do=mobile',
    'menuid' => '464065743',
    'from' => 'o3Omm1f3tfJLKKmFhmuEFKU_AiZI',
    'to' => 'gh_ffb9862d4c99',
    'time' => '1565331805',
    'type' => 'text',
    'content' => 'http://ydd.gzchujiao.com/app/index.php?i=3&c=entry&m=ewei_shopv2&do=mobile',
    'redirection' => true,
    'source' => 'VIEW',
  ),
)

2019-08-09 14:23:25 response :
------------

2019-08-09 14:23:39 trace :
------------
String:
<xml><ToUserName><![CDATA[gh_ffb9862d4c99]]></ToUserName>
<FromUserName><![CDATA[o3Omm1f3tfJLKKmFhmuEFKU_AiZI]]></FromUserName>
<CreateTime>1565331819</CreateTime>
<MsgType><![CDATA[event]]></MsgType>
<Event><![CDATA[VIEW]]></Event>
<EventKey><![CDATA[http://ydd.gzchujiao.com/app/index.php?i=3&c=entry&m=ewei_shopv2&do=mobile]]></EventKey>
<MenuId>464065743</MenuId>
</xml>

2019-08-09 14:23:39 params :
------------
String:
array (
  'rule' => -2,
  'module' => '',
  'message' => 
  array (
    'tousername' => 'gh_ffb9862d4c99',
    'fromusername' => 'o3Omm1f3tfJLKKmFhmuEFKU_AiZI',
    'createtime' => '1565331819',
    'msgtype' => 'event',
    'event' => 'VIEW',
    'eventkey' => 'http://ydd.gzchujiao.com/app/index.php?i=3&c=entry&m=ewei_shopv2&do=mobile',
    'menuid' => '464065743',
    'from' => 'o3Omm1f3tfJLKKmFhmuEFKU_AiZI',
    'to' => 'gh_ffb9862d4c99',
    'time' => '1565331819',
    'type' => 'text',
    'content' => 'http://ydd.gzchujiao.com/app/index.php?i=3&c=entry&m=ewei_shopv2&do=mobile',
    'redirection' => true,
    'source' => 'VIEW',
  ),
)

2019-08-09 14:23:39 response :
------------

2019-08-09 15:07:49 trace :
------------
String:
<xml><ToUserName><![CDATA[gh_ffb9862d4c99]]></ToUserName>
<FromUserName><![CDATA[o3Omm1TE6UUtuKVrK9Pi8uuS_-dU]]></FromUserName>
<CreateTime>1565334469</CreateTime>
<MsgType><![CDATA[event]]></MsgType>
<Event><![CDATA[VIEW]]></Event>
<EventKey><![CDATA[http://ydd.gzchujiao.com/app/index.php?i=3&c=entry&m=ewei_shopv2&do=mobile&r=member]]></EventKey>
<MenuId>464065743</MenuId>
</xml>

2019-08-09 15:07:49 params :
------------
String:
array (
  'rule' => -2,
  'module' => '',
  'message' => 
  array (
    'tousername' => 'gh_ffb9862d4c99',
    'fromusername' => 'o3Omm1TE6UUtuKVrK9Pi8uuS_-dU',
    'createtime' => '1565334469',
    'msgtype' => 'event',
    'event' => 'VIEW',
    'eventkey' => 'http://ydd.gzchujiao.com/app/index.php?i=3&c=entry&m=ewei_shopv2&do=mobile&r=member',
    'menuid' => '464065743',
    'from' => 'o3Omm1TE6UUtuKVrK9Pi8uuS_-dU',
    'to' => 'gh_ffb9862d4c99',
    'time' => '1565334469',
    'type' => 'text',
    'content' => 'http://ydd.gzchujiao.com/app/index.php?i=3&c=entry&m=ewei_shopv2&do=mobile&r=member',
    'redirection' => true,
    'source' => 'VIEW',
  ),
)

2019-08-09 15:07:49 response :
------------

2019-08-09 15:08:22 trace :
------------
String:
<xml><ToUserName><![CDATA[gh_ffb9862d4c99]]></ToUserName>
<FromUserName><![CDATA[o3Omm1TE6UUtuKVrK9Pi8uuS_-dU]]></FromUserName>
<CreateTime>1565334502</CreateTime>
<MsgType><![CDATA[event]]></MsgType>
<Event><![CDATA[unsubscribe]]></Event>
<EventKey><![CDATA[]]></EventKey>
</xml>

2019-08-09 15:20:01 trace :
------------
String:
<xml><ToUserName><![CDATA[gh_ffb9862d4c99]]></ToUserName>
<FromUserName><![CDATA[o3Omm1TE6UUtuKVrK9Pi8uuS_-dU]]></FromUserName>
<CreateTime>1565335201</CreateTime>
<MsgType><![CDATA[event]]></MsgType>
<Event><![CDATA[subscribe]]></Event>
<EventKey><![CDATA[]]></EventKey>
</xml>

2019-08-09 15:20:01 params :
------------
String:
array (
  'rule' => -2,
  'module' => '',
  'message' => 
  array (
    'tousername' => 'gh_ffb9862d4c99',
    'fromusername' => 'o3Omm1TE6UUtuKVrK9Pi8uuS_-dU',
    'createtime' => '1565335201',
    'msgtype' => 'event',
    'event' => 'subscribe',
    'eventkey' => '',
    'from' => 'o3Omm1TE6UUtuKVrK9Pi8uuS_-dU',
    'to' => 'gh_ffb9862d4c99',
    'time' => '1565335201',
    'type' => 'text',
    'redirection' => true,
    'source' => 'subscribe',
  ),
)

2019-08-09 15:20:01 response :
------------

2019-08-09 15:20:02 trace :
------------
String:
<xml><ToUserName><![CDATA[gh_ffb9862d4c99]]></ToUserName>
<FromUserName><![CDATA[o3Omm1TE6UUtuKVrK9Pi8uuS_-dU]]></FromUserName>
<CreateTime>1565335202</CreateTime>
<MsgType><![CDATA[event]]></MsgType>
<Event><![CDATA[VIEW]]></Event>
<EventKey><![CDATA[http://ydd.gzchujiao.com/app/index.php?i=3&c=entry&m=ewei_shopv2&do=mobile&r=member]]></EventKey>
<MenuId>464065743</MenuId>
</xml>

2019-08-09 15:20:02 params :
------------
String:
array (
  'rule' => -2,
  'module' => '',
  'message' => 
  array (
    'tousername' => 'gh_ffb9862d4c99',
    'fromusername' => 'o3Omm1TE6UUtuKVrK9Pi8uuS_-dU',
    'createtime' => '1565335202',
    'msgtype' => 'event',
    'event' => 'VIEW',
    'eventkey' => 'http://ydd.gzchujiao.com/app/index.php?i=3&c=entry&m=ewei_shopv2&do=mobile&r=member',
    'menuid' => '464065743',
    'from' => 'o3Omm1TE6UUtuKVrK9Pi8uuS_-dU',
    'to' => 'gh_ffb9862d4c99',
    'time' => '1565335202',
    'type' => 'text',
    'content' => 'http://ydd.gzchujiao.com/app/index.php?i=3&c=entry&m=ewei_shopv2&do=mobile&r=member',
    'redirection' => true,
    'source' => 'VIEW',
  ),
)

2019-08-09 15:20:02 response :
------------

2019-08-09 15:28:38 trace :
------------
String:
<xml><ToUserName><![CDATA[gh_ffb9862d4c99]]></ToUserName>
<FromUserName><![CDATA[o3Omm1b1-HJ42IOBQmYplzIWl8dY]]></FromUserName>
<CreateTime>1565335718</CreateTime>
<MsgType><![CDATA[event]]></MsgType>
<Event><![CDATA[VIEW]]></Event>
<EventKey><![CDATA[http://ydd.gzchujiao.com/app/index.php?i=3&c=entry&m=ewei_shopv2&do=mobile&r=member]]></EventKey>
<MenuId>464065743</MenuId>
</xml>

2019-08-09 15:28:38 params :
------------
String:
array (
  'rule' => -2,
  'module' => '',
  'message' => 
  array (
    'tousername' => 'gh_ffb9862d4c99',
    'fromusername' => 'o3Omm1b1-HJ42IOBQmYplzIWl8dY',
    'createtime' => '1565335718',
    'msgtype' => 'event',
    'event' => 'VIEW',
    'eventkey' => 'http://ydd.gzchujiao.com/app/index.php?i=3&c=entry&m=ewei_shopv2&do=mobile&r=member',
    'menuid' => '464065743',
    'from' => 'o3Omm1b1-HJ42IOBQmYplzIWl8dY',
    'to' => 'gh_ffb9862d4c99',
    'time' => '1565335718',
    'type' => 'text',
    'content' => 'http://ydd.gzchujiao.com/app/index.php?i=3&c=entry&m=ewei_shopv2&do=mobile&r=member',
    'redirection' => true,
    'source' => 'VIEW',
  ),
)

2019-08-09 15:28:38 response :
------------

2019-08-09 15:30:26 trace :
------------
String:
<xml><ToUserName><![CDATA[gh_ffb9862d4c99]]></ToUserName>
<FromUserName><![CDATA[o3Omm1b1-HJ42IOBQmYplzIWl8dY]]></FromUserName>
<CreateTime>1565335826</CreateTime>
<MsgType><![CDATA[event]]></MsgType>
<Event><![CDATA[VIEW]]></Event>
<EventKey><![CDATA[http://ydd.gzchujiao.com/app/index.php?i=3&c=entry&m=ewei_shopv2&do=mobile&r=member]]></EventKey>
<MenuId>464065743</MenuId>
</xml>

2019-08-09 15:30:26 params :
------------
String:
array (
  'rule' => -2,
  'module' => '',
  'message' => 
  array (
    'tousername' => 'gh_ffb9862d4c99',
    'fromusername' => 'o3Omm1b1-HJ42IOBQmYplzIWl8dY',
    'createtime' => '1565335826',
    'msgtype' => 'event',
    'event' => 'VIEW',
    'eventkey' => 'http://ydd.gzchujiao.com/app/index.php?i=3&c=entry&m=ewei_shopv2&do=mobile&r=member',
    'menuid' => '464065743',
    'from' => 'o3Omm1b1-HJ42IOBQmYplzIWl8dY',
    'to' => 'gh_ffb9862d4c99',
    'time' => '1565335826',
    'type' => 'text',
    'content' => 'http://ydd.gzchujiao.com/app/index.php?i=3&c=entry&m=ewei_shopv2&do=mobile&r=member',
    'redirection' => true,
    'source' => 'VIEW',
  ),
)

2019-08-09 15:30:26 response :
------------

2019-08-09 16:18:12 trace :
------------
String:
<xml><ToUserName><![CDATA[gh_ffb9862d4c99]]></ToUserName>
<FromUserName><![CDATA[o3Omm1YLsbEu1jtIf6Sfvt_kJadM]]></FromUserName>
<CreateTime>1565338692</CreateTime>
<MsgType><![CDATA[event]]></MsgType>
<Event><![CDATA[subscribe]]></Event>
<EventKey><![CDATA[]]></EventKey>
</xml>

2019-08-09 16:18:12 params :
------------
String:
array (
  'rule' => -2,
  'module' => '',
  'message' => 
  array (
    'tousername' => 'gh_ffb9862d4c99',
    'fromusername' => 'o3Omm1YLsbEu1jtIf6Sfvt_kJadM',
    'createtime' => '1565338692',
    'msgtype' => 'event',
    'event' => 'subscribe',
    'eventkey' => '',
    'from' => 'o3Omm1YLsbEu1jtIf6Sfvt_kJadM',
    'to' => 'gh_ffb9862d4c99',
    'time' => '1565338692',
    'type' => 'text',
    'redirection' => true,
    'source' => 'subscribe',
  ),
)

2019-08-09 16:18:12 response :
------------

2019-08-09 16:32:34 trace :
------------
String:
<xml><ToUserName><![CDATA[gh_ffb9862d4c99]]></ToUserName>
<FromUserName><![CDATA[o3Omm1TE6UUtuKVrK9Pi8uuS_-dU]]></FromUserName>
<CreateTime>1565339554</CreateTime>
<MsgType><![CDATA[event]]></MsgType>
<Event><![CDATA[VIEW]]></Event>
<EventKey><![CDATA[http://ydd.gzchujiao.com/app/index.php?i=3&c=entry&m=ewei_shopv2&do=mobile&r=member]]></EventKey>
<MenuId>464065743</MenuId>
</xml>

2019-08-09 16:32:34 params :
------------
String:
array (
  'rule' => -2,
  'module' => '',
  'message' => 
  array (
    'tousername' => 'gh_ffb9862d4c99',
    'fromusername' => 'o3Omm1TE6UUtuKVrK9Pi8uuS_-dU',
    'createtime' => '1565339554',
    'msgtype' => 'event',
    'event' => 'VIEW',
    'eventkey' => 'http://ydd.gzchujiao.com/app/index.php?i=3&c=entry&m=ewei_shopv2&do=mobile&r=member',
    'menuid' => '464065743',
    'from' => 'o3Omm1TE6UUtuKVrK9Pi8uuS_-dU',
    'to' => 'gh_ffb9862d4c99',
    'time' => '1565339554',
    'type' => 'text',
    'content' => 'http://ydd.gzchujiao.com/app/index.php?i=3&c=entry&m=ewei_shopv2&do=mobile&r=member',
    'redirection' => true,
    'source' => 'VIEW',
  ),
)

2019-08-09 16:32:34 response :
------------

2019-08-09 17:17:13 trace :
------------
String:
<xml><ToUserName><![CDATA[gh_ffb9862d4c99]]></ToUserName>
<FromUserName><![CDATA[o3Omm1TE6UUtuKVrK9Pi8uuS_-dU]]></FromUserName>
<CreateTime>1565342233</CreateTime>
<MsgType><![CDATA[event]]></MsgType>
<Event><![CDATA[VIEW]]></Event>
<EventKey><![CDATA[http://ydd.gzchujiao.com/app/index.php?i=3&c=entry&m=ewei_shopv2&do=mobile&r=member]]></EventKey>
<MenuId>464065743</MenuId>
</xml>

2019-08-09 17:17:13 params :
------------
String:
array (
  'rule' => -2,
  'module' => '',
  'message' => 
  array (
    'tousername' => 'gh_ffb9862d4c99',
    'fromusername' => 'o3Omm1TE6UUtuKVrK9Pi8uuS_-dU',
    'createtime' => '1565342233',
    'msgtype' => 'event',
    'event' => 'VIEW',
    'eventkey' => 'http://ydd.gzchujiao.com/app/index.php?i=3&c=entry&m=ewei_shopv2&do=mobile&r=member',
    'menuid' => '464065743',
    'from' => 'o3Omm1TE6UUtuKVrK9Pi8uuS_-dU',
    'to' => 'gh_ffb9862d4c99',
    'time' => '1565342233',
    'type' => 'text',
    'content' => 'http://ydd.gzchujiao.com/app/index.php?i=3&c=entry&m=ewei_shopv2&do=mobile&r=member',
    'redirection' => true,
    'source' => 'VIEW',
  ),
)

2019-08-09 17:17:13 response :
------------

2019-08-09 17:24:44 trace :
------------
String:
<xml><ToUserName><![CDATA[gh_ffb9862d4c99]]></ToUserName>
<FromUserName><![CDATA[o3Omm1TE6UUtuKVrK9Pi8uuS_-dU]]></FromUserName>
<CreateTime>1565342684</CreateTime>
<MsgType><![CDATA[event]]></MsgType>
<Event><![CDATA[VIEW]]></Event>
<EventKey><![CDATA[http://ydd.gzchujiao.com/app/index.php?i=3&c=entry&m=ewei_shopv2&do=mobile&r=member]]></EventKey>
<MenuId>464065743</MenuId>
</xml>

2019-08-09 17:24:44 params :
------------
String:
array (
  'rule' => -2,
  'module' => '',
  'message' => 
  array (
    'tousername' => 'gh_ffb9862d4c99',
    'fromusername' => 'o3Omm1TE6UUtuKVrK9Pi8uuS_-dU',
    'createtime' => '1565342684',
    'msgtype' => 'event',
    'event' => 'VIEW',
    'eventkey' => 'http://ydd.gzchujiao.com/app/index.php?i=3&c=entry&m=ewei_shopv2&do=mobile&r=member',
    'menuid' => '464065743',
    'from' => 'o3Omm1TE6UUtuKVrK9Pi8uuS_-dU',
    'to' => 'gh_ffb9862d4c99',
    'time' => '1565342684',
    'type' => 'text',
    'content' => 'http://ydd.gzchujiao.com/app/index.php?i=3&c=entry&m=ewei_shopv2&do=mobile&r=member',
    'redirection' => true,
    'source' => 'VIEW',
  ),
)

2019-08-09 17:24:44 response :
------------

2019-08-09 17:28:06 trace :
------------
String:
<xml><ToUserName><![CDATA[gh_ffb9862d4c99]]></ToUserName>
<FromUserName><![CDATA[o3Omm1b1-HJ42IOBQmYplzIWl8dY]]></FromUserName>
<CreateTime>1565342886</CreateTime>
<MsgType><![CDATA[event]]></MsgType>
<Event><![CDATA[unsubscribe]]></Event>
<EventKey><![CDATA[]]></EventKey>
</xml>

2019-08-09 17:31:34 trace :
------------
String:
<xml><ToUserName><![CDATA[gh_ffb9862d4c99]]></ToUserName>
<FromUserName><![CDATA[o3Omm1TE6UUtuKVrK9Pi8uuS_-dU]]></FromUserName>
<CreateTime>1565343094</CreateTime>
<MsgType><![CDATA[event]]></MsgType>
<Event><![CDATA[unsubscribe]]></Event>
<EventKey><![CDATA[]]></EventKey>
</xml>

2019-08-09 17:46:19 trace :
------------
String:
<xml><ToUserName><![CDATA[gh_ffb9862d4c99]]></ToUserName>
<FromUserName><![CDATA[o3Omm1TE6UUtuKVrK9Pi8uuS_-dU]]></FromUserName>
<CreateTime>1565343979</CreateTime>
<MsgType><![CDATA[event]]></MsgType>
<Event><![CDATA[subscribe]]></Event>
<EventKey><![CDATA[]]></EventKey>
</xml>

2019-08-09 17:46:19 params :
------------
String:
array (
  'rule' => -2,
  'module' => '',
  'message' => 
  array (
    'tousername' => 'gh_ffb9862d4c99',
    'fromusername' => 'o3Omm1TE6UUtuKVrK9Pi8uuS_-dU',
    'createtime' => '1565343979',
    'msgtype' => 'event',
    'event' => 'subscribe',
    'eventkey' => '',
    'from' => 'o3Omm1TE6UUtuKVrK9Pi8uuS_-dU',
    'to' => 'gh_ffb9862d4c99',
    'time' => '1565343979',
    'type' => 'text',
    'redirection' => true,
    'source' => 'subscribe',
  ),
)

2019-08-09 17:46:19 response :
------------

2019-08-09 17:46:20 trace :
------------
String:
<xml><ToUserName><![CDATA[gh_ffb9862d4c99]]></ToUserName>
<FromUserName><![CDATA[o3Omm1TE6UUtuKVrK9Pi8uuS_-dU]]></FromUserName>
<CreateTime>1565343980</CreateTime>
<MsgType><![CDATA[event]]></MsgType>
<Event><![CDATA[VIEW]]></Event>
<EventKey><![CDATA[http://ydd.gzchujiao.com/app/index.php?i=3&c=entry&m=ewei_shopv2&do=mobile&r=member]]></EventKey>
<MenuId>464065743</MenuId>
</xml>

2019-08-09 17:46:20 params :
------------
String:
array (
  'rule' => -2,
  'module' => '',
  'message' => 
  array (
    'tousername' => 'gh_ffb9862d4c99',
    'fromusername' => 'o3Omm1TE6UUtuKVrK9Pi8uuS_-dU',
    'createtime' => '1565343980',
    'msgtype' => 'event',
    'event' => 'VIEW',
    'eventkey' => 'http://ydd.gzchujiao.com/app/index.php?i=3&c=entry&m=ewei_shopv2&do=mobile&r=member',
    'menuid' => '464065743',
    'from' => 'o3Omm1TE6UUtuKVrK9Pi8uuS_-dU',
    'to' => 'gh_ffb9862d4c99',
    'time' => '1565343980',
    'type' => 'text',
    'content' => 'http://ydd.gzchujiao.com/app/index.php?i=3&c=entry&m=ewei_shopv2&do=mobile&r=member',
    'redirection' => true,
    'source' => 'VIEW',
  ),
)

2019-08-09 17:46:20 response :
------------

2019-08-09 17:46:46 trace :
------------
String:
<xml><ToUserName><![CDATA[gh_ffb9862d4c99]]></ToUserName>
<FromUserName><![CDATA[o3Omm1TE6UUtuKVrK9Pi8uuS_-dU]]></FromUserName>
<CreateTime>1565344006</CreateTime>
<MsgType><![CDATA[event]]></MsgType>
<Event><![CDATA[VIEW]]></Event>
<EventKey><![CDATA[http://ydd.gzchujiao.com/app/index.php?i=3&c=entry&m=ewei_shopv2&do=mobile&r=member]]></EventKey>
<MenuId>464065743</MenuId>
</xml>

2019-08-09 17:46:46 params :
------------
String:
array (
  'rule' => -2,
  'module' => '',
  'message' => 
  array (
    'tousername' => 'gh_ffb9862d4c99',
    'fromusername' => 'o3Omm1TE6UUtuKVrK9Pi8uuS_-dU',
    'createtime' => '1565344006',
    'msgtype' => 'event',
    'event' => 'VIEW',
    'eventkey' => 'http://ydd.gzchujiao.com/app/index.php?i=3&c=entry&m=ewei_shopv2&do=mobile&r=member',
    'menuid' => '464065743',
    'from' => 'o3Omm1TE6UUtuKVrK9Pi8uuS_-dU',
    'to' => 'gh_ffb9862d4c99',
    'time' => '1565344006',
    'type' => 'text',
    'content' => 'http://ydd.gzchujiao.com/app/index.php?i=3&c=entry&m=ewei_shopv2&do=mobile&r=member',
    'redirection' => true,
    'source' => 'VIEW',
  ),
)

2019-08-09 17:46:46 response :
------------

2019-08-09 17:49:54 trace :
------------
String:
<xml><ToUserName><![CDATA[gh_ffb9862d4c99]]></ToUserName>
<FromUserName><![CDATA[o3Omm1TE6UUtuKVrK9Pi8uuS_-dU]]></FromUserName>
<CreateTime>1565344194</CreateTime>
<MsgType><![CDATA[event]]></MsgType>
<Event><![CDATA[VIEW]]></Event>
<EventKey><![CDATA[http://ydd.gzchujiao.com/app/index.php?i=3&c=entry&m=ewei_shopv2&do=mobile&r=member]]></EventKey>
<MenuId>464065743</MenuId>
</xml>

2019-08-09 17:49:54 params :
------------
String:
array (
  'rule' => -2,
  'module' => '',
  'message' => 
  array (
    'tousername' => 'gh_ffb9862d4c99',
    'fromusername' => 'o3Omm1TE6UUtuKVrK9Pi8uuS_-dU',
    'createtime' => '1565344194',
    'msgtype' => 'event',
    'event' => 'VIEW',
    'eventkey' => 'http://ydd.gzchujiao.com/app/index.php?i=3&c=entry&m=ewei_shopv2&do=mobile&r=member',
    'menuid' => '464065743',
    'from' => 'o3Omm1TE6UUtuKVrK9Pi8uuS_-dU',
    'to' => 'gh_ffb9862d4c99',
    'time' => '1565344194',
    'type' => 'text',
    'content' => 'http://ydd.gzchujiao.com/app/index.php?i=3&c=entry&m=ewei_shopv2&do=mobile&r=member',
    'redirection' => true,
    'source' => 'VIEW',
  ),
)

2019-08-09 17:49:54 response :
------------

2019-08-09 17:51:32 trace :
------------
String:
<xml><ToUserName><![CDATA[gh_ffb9862d4c99]]></ToUserName>
<FromUserName><![CDATA[o3Omm1TE6UUtuKVrK9Pi8uuS_-dU]]></FromUserName>
<CreateTime>1565344292</CreateTime>
<MsgType><![CDATA[event]]></MsgType>
<Event><![CDATA[VIEW]]></Event>
<EventKey><![CDATA[http://ydd.gzchujiao.com/app/index.php?i=3&c=entry&m=ewei_shopv2&do=mobile&r=member]]></EventKey>
<MenuId>464065743</MenuId>
</xml>

2019-08-09 17:51:32 params :
------------
String:
array (
  'rule' => -2,
  'module' => '',
  'message' => 
  array (
    'tousername' => 'gh_ffb9862d4c99',
    'fromusername' => 'o3Omm1TE6UUtuKVrK9Pi8uuS_-dU',
    'createtime' => '1565344292',
    'msgtype' => 'event',
    'event' => 'VIEW',
    'eventkey' => 'http://ydd.gzchujiao.com/app/index.php?i=3&c=entry&m=ewei_shopv2&do=mobile&r=member',
    'menuid' => '464065743',
    'from' => 'o3Omm1TE6UUtuKVrK9Pi8uuS_-dU',
    'to' => 'gh_ffb9862d4c99',
    'time' => '1565344292',
    'type' => 'text',
    'content' => 'http://ydd.gzchujiao.com/app/index.php?i=3&c=entry&m=ewei_shopv2&do=mobile&r=member',
    'redirection' => true,
    'source' => 'VIEW',
  ),
)

2019-08-09 17:51:32 response :
------------

