2019-09-20 09:29:48 trace :
------------
String:
<xml><ToUserName><![CDATA[gh_ef6cc75b76ac]]></ToUserName>
<FromUserName><![CDATA[o7hDG1Frd3PAIXX3qzWYKncNQ3C4]]></FromUserName>
<CreateTime>1568942988</CreateTime>
<MsgType><![CDATA[event]]></MsgType>
<Event><![CDATA[VIEW]]></Event>
<EventKey><![CDATA[http://ydd.gzchujiao.com/app/index.php?i=5&c=entry&m=ewei_shopv2&do=mobile]]></EventKey>
<MenuId>430893925</MenuId>
</xml>

2019-09-20 09:29:48 params :
------------
String:
array (
  'rule' => -2,
  'module' => '',
  'message' => 
  array (
    'tousername' => 'gh_ef6cc75b76ac',
    'fromusername' => 'o7hDG1Frd3PAIXX3qzWYKncNQ3C4',
    'createtime' => '1568942988',
    'msgtype' => 'event',
    'event' => 'VIEW',
    'eventkey' => 'http://ydd.gzchujiao.com/app/index.php?i=5&c=entry&m=ewei_shopv2&do=mobile',
    'menuid' => '430893925',
    'from' => 'o7hDG1Frd3PAIXX3qzWYKncNQ3C4',
    'to' => 'gh_ef6cc75b76ac',
    'time' => '1568942988',
    'type' => 'text',
    'content' => 'http://ydd.gzchujiao.com/app/index.php?i=5&c=entry&m=ewei_shopv2&do=mobile',
    'redirection' => true,
    'source' => 'VIEW',
  ),
)

2019-09-20 09:29:48 response :
------------

2019-09-20 15:00:14 trace :
------------
String:
<xml><ToUserName><![CDATA[gh_ffb9862d4c99]]></ToUserName>
<FromUserName><![CDATA[o3Omm1bXokG-kQlRP6R5TQ-C26mI]]></FromUserName>
<CreateTime>1568962813</CreateTime>
<MsgType><![CDATA[event]]></MsgType>
<Event><![CDATA[VIEW]]></Event>
<EventKey><![CDATA[http://ydd.gzchujiao.com/app/index.php?i=3&c=entry&m=ewei_shopv2&do=mobile]]></EventKey>
<MenuId>464065743</MenuId>
</xml>

2019-09-20 15:00:14 params :
------------
String:
array (
  'rule' => -2,
  'module' => '',
  'message' => 
  array (
    'tousername' => 'gh_ffb9862d4c99',
    'fromusername' => 'o3Omm1bXokG-kQlRP6R5TQ-C26mI',
    'createtime' => '1568962813',
    'msgtype' => 'event',
    'event' => 'VIEW',
    'eventkey' => 'http://ydd.gzchujiao.com/app/index.php?i=3&c=entry&m=ewei_shopv2&do=mobile',
    'menuid' => '464065743',
    'from' => 'o3Omm1bXokG-kQlRP6R5TQ-C26mI',
    'to' => 'gh_ffb9862d4c99',
    'time' => '1568962813',
    'type' => 'text',
    'content' => 'http://ydd.gzchujiao.com/app/index.php?i=3&c=entry&m=ewei_shopv2&do=mobile',
    'redirection' => true,
    'source' => 'VIEW',
  ),
)

2019-09-20 15:00:14 response :
------------

