[2019-08-19 00:30:25] option  /app/index.php?i=3&c=entry&m=ewei_shopv2&do=mobile&r=account.verifycode mobile=0105519901; imgcode=0; temp=sms_reg; 
keyid=LTAI2k5XCMFE8oJS; keysecret=MFJ2rnF1RQj5AmB7wZ6PTshGKgWOXw; phonenumbers=0060105519901; signname=e加店; templatecode=SMS_157277478; templateparam={"code":"[\u9a8c\u8bc1\u7801]"}; 
[2019-08-19 00:30:25] result  /app/index.php?i=3&c=entry&m=ewei_shopv2&do=mobile&r=account.verifycode mobile=0105519901; imgcode=0; temp=sms_reg; 
Message=OK; RequestId=FB99AAB8-3DD9-4C36-9BB6-B023DA429AEB; BizId=968202066145826349^0; Code=OK; 
[2019-08-19 00:31:28] option  /app/index.php?i=3&c=entry&m=ewei_shopv2&do=mobile&r=account.verifycode mobile=0105519901; imgcode=0; temp=sms_reg; 
keyid=LTAI2k5XCMFE8oJS; keysecret=MFJ2rnF1RQj5AmB7wZ6PTshGKgWOXw; phonenumbers=0060105519901; signname=e加店; templatecode=SMS_157277478; templateparam={"code":"[\u9a8c\u8bc1\u7801]"}; 
[2019-08-19 00:31:28] result  /app/index.php?i=3&c=entry&m=ewei_shopv2&do=mobile&r=account.verifycode mobile=0105519901; imgcode=0; temp=sms_reg; 
Message=OK; RequestId=D4E52E25-5E0C-4938-A7A3-440EE8C62B85; BizId=371308266145890185^0; Code=OK; 
[2019-08-19 00:31:30] option  /app/index.php?i=3&c=entry&m=ewei_shopv2&do=mobile&r=account.verifycode mobile=0105519901; imgcode=0; temp=sms_reg; 
keyid=LTAI2k5XCMFE8oJS; keysecret=MFJ2rnF1RQj5AmB7wZ6PTshGKgWOXw; phonenumbers=0060105519901; signname=e加店; templatecode=SMS_157277478; templateparam={"code":"[\u9a8c\u8bc1\u7801]"}; 
[2019-08-19 00:31:30] result  /app/index.php?i=3&c=entry&m=ewei_shopv2&do=mobile&r=account.verifycode mobile=0105519901; imgcode=0; temp=sms_reg; 
Message=OK; RequestId=27797DB4-B941-4C81-8B3C-C1BB5194D603; BizId=876816366145890414^0; Code=OK; 
[2019-08-19 00:34:00] option  /app/index.php?i=3&c=entry&m=ewei_shopv2&do=mobile&r=account.verifycode mobile=60105519901; imgcode=0; temp=sms_reg; 
keyid=LTAI2k5XCMFE8oJS; keysecret=MFJ2rnF1RQj5AmB7wZ6PTshGKgWOXw; phonenumbers=006060105519901; signname=e加店; templatecode=SMS_157277478; templateparam={"code":"[\u9a8c\u8bc1\u7801]"}; 
[2019-08-19 00:34:00] result  /app/index.php?i=3&c=entry&m=ewei_shopv2&do=mobile&r=account.verifycode mobile=60105519901; imgcode=0; temp=sms_reg; 
Message=OK; RequestId=FD52BD9B-1C76-45B8-B5BE-83E2B7F6614E; BizId=452408266146041043^0; Code=OK; 
[2019-08-19 00:35:50] option  /app/index.php?i=3&c=entry&m=ewei_shopv2&do=mobile&r=account.verifycode mobile=01159359319; imgcode=0; temp=sms_reg; 
keyid=LTAI2k5XCMFE8oJS; keysecret=MFJ2rnF1RQj5AmB7wZ6PTshGKgWOXw; phonenumbers=00601159359319; signname=e加店; templatecode=SMS_157277478; templateparam={"code":"[\u9a8c\u8bc1\u7801]"}; 
[2019-08-19 00:35:50] result  /app/index.php?i=3&c=entry&m=ewei_shopv2&do=mobile&r=account.verifycode mobile=01159359319; imgcode=0; temp=sms_reg; 
Message=OK; RequestId=1A7559B7-C7FD-4BA2-9F2C-E0F059AA4079; BizId=472315466146151769^0; Code=OK; 
[2019-08-19 00:39:25] option  /app/index.php?i=3&c=entry&m=ewei_shopv2&do=mobile&r=account.verifycode mobile=0105519901; imgcode=0; temp=sms_reg; 
keyid=LTAI2k5XCMFE8oJS; keysecret=MFJ2rnF1RQj5AmB7wZ6PTshGKgWOXw; phonenumbers=0060105519901; signname=e加店; templatecode=SMS_157277478; templateparam={"code":"[\u9a8c\u8bc1\u7801]"}; 
[2019-08-19 00:39:25] result  /app/index.php?i=3&c=entry&m=ewei_shopv2&do=mobile&r=account.verifycode mobile=0105519901; imgcode=0; temp=sms_reg; 
Message=OK; RequestId=067F2B65-75A3-40A5-A43C-B3EE10EE2D52; BizId=222221366146365949^0; Code=OK; 
