[2019-09-09 22:48:03] option  /app/index.php?i=3&c=entry&m=ewei_shopv2&do=mobile&r=account.verifycode mobile=0129189338; imgcode=0; temp=sms_reg; 
keyid=LTAI2k5XCMFE8oJS; keysecret=MFJ2rnF1RQj5AmB7wZ6PTshGKgWOXw; phonenumbers=0060129189338; signname=e加店; templatecode=SMS_157277478; templateparam={"code":"[\u9a8c\u8bc1\u7801]"}; 
[2019-09-09 22:48:03] result  /app/index.php?i=3&c=entry&m=ewei_shopv2&do=mobile&r=account.verifycode mobile=0129189338; imgcode=0; temp=sms_reg; 
Message=OK; RequestId=A74BFD0B-CE02-4856-AF6F-4FCDC1CEB75A; BizId=657919168040483934^0; Code=OK; 
[2019-09-09 22:48:03] option  /app/index.php?i=3&c=entry&m=ewei_shopv2&do=mobile&r=account.verifycode mobile=0129189338; imgcode=0; temp=sms_reg; 
keyid=LTAI2k5XCMFE8oJS; keysecret=MFJ2rnF1RQj5AmB7wZ6PTshGKgWOXw; phonenumbers=0060129189338; signname=e加店; templatecode=SMS_157277478; templateparam={"code":"[\u9a8c\u8bc1\u7801]"}; 
[2019-09-09 22:48:03] result  /app/index.php?i=3&c=entry&m=ewei_shopv2&do=mobile&r=account.verifycode mobile=0129189338; imgcode=0; temp=sms_reg; 
Message=OK; RequestId=39C0A240-777E-4111-9AA9-FDEF34611840; BizId=266625168040484172^0; Code=OK; 
[2019-09-09 22:48:03] option  /app/index.php?i=3&c=entry&m=ewei_shopv2&do=mobile&r=account.verifycode mobile=0129189338; imgcode=0; temp=sms_reg; 
keyid=LTAI2k5XCMFE8oJS; keysecret=MFJ2rnF1RQj5AmB7wZ6PTshGKgWOXw; phonenumbers=0060129189338; signname=e加店; templatecode=SMS_157277478; templateparam={"code":"[\u9a8c\u8bc1\u7801]"}; 
[2019-09-09 22:48:03] result  /app/index.php?i=3&c=entry&m=ewei_shopv2&do=mobile&r=account.verifycode mobile=0129189338; imgcode=0; temp=sms_reg; 
Message=OK; RequestId=130FCE47-D7BA-474C-B381-99550F508803; BizId=131514568040484491^0; Code=OK; 
[2019-09-09 22:48:03] option  /app/index.php?i=3&c=entry&m=ewei_shopv2&do=mobile&r=account.verifycode mobile=0129189338; imgcode=0; temp=sms_reg; 
keyid=LTAI2k5XCMFE8oJS; keysecret=MFJ2rnF1RQj5AmB7wZ6PTshGKgWOXw; phonenumbers=0060129189338; signname=e加店; templatecode=SMS_157277478; templateparam={"code":"[\u9a8c\u8bc1\u7801]"}; 
[2019-09-09 22:48:03] result  /app/index.php?i=3&c=entry&m=ewei_shopv2&do=mobile&r=account.verifycode mobile=0129189338; imgcode=0; temp=sms_reg; 
Message=OK; RequestId=43B1F4A6-F284-46F2-A695-7945D51D6099; BizId=654821068040485800^0; Code=OK; 
[2019-09-09 22:48:03] option  /app/index.php?i=3&c=entry&m=ewei_shopv2&do=mobile&r=account.verifycode mobile=0129189338; imgcode=0; temp=sms_reg; 
keyid=LTAI2k5XCMFE8oJS; keysecret=MFJ2rnF1RQj5AmB7wZ6PTshGKgWOXw; phonenumbers=0060129189338; signname=e加店; templatecode=SMS_157277478; templateparam={"code":"[\u9a8c\u8bc1\u7801]"}; 
[2019-09-09 22:48:03] result  /app/index.php?i=3&c=entry&m=ewei_shopv2&do=mobile&r=account.verifycode mobile=0129189338; imgcode=0; temp=sms_reg; 
Message=OK; RequestId=F7B3A33F-4E21-4F73-85B6-7A93AB3FF6C2; BizId=325511868040485846^0; Code=OK; 
[2019-09-09 22:50:19] option  /app/index.php?i=3&c=entry&m=ewei_shopv2&do=mobile&r=account.verifycode mobile=0129189338; imgcode=0; temp=sms_reg; 
keyid=LTAI2k5XCMFE8oJS; keysecret=MFJ2rnF1RQj5AmB7wZ6PTshGKgWOXw; phonenumbers=0060129189338; signname=e加店; templatecode=SMS_157277478; templateparam={"code":"[\u9a8c\u8bc1\u7801]"}; 
[2019-09-09 22:50:19] result  /app/index.php?i=3&c=entry&m=ewei_shopv2&do=mobile&r=account.verifycode mobile=0129189338; imgcode=0; temp=sms_reg; 
Message=OK; RequestId=1F179CDC-8074-449F-A2E1-6EB49492D04F; BizId=901215568040619481^0; Code=OK; 
[2019-09-09 23:03:18] option  /app/index.php?i=3&c=entry&m=ewei_shopv2&do=mobile&r=account.verifycode mobile=0129189338; imgcode=0; temp=sms_reg; 
keyid=LTAI2k5XCMFE8oJS; keysecret=MFJ2rnF1RQj5AmB7wZ6PTshGKgWOXw; phonenumbers=0060129189338; signname=e加店; templatecode=SMS_157277478; templateparam={"code":"38638"}; 
[2019-09-09 23:03:18] result  /app/index.php?i=3&c=entry&m=ewei_shopv2&do=mobile&r=account.verifycode mobile=0129189338; imgcode=0; temp=sms_reg; 
Message=OK; RequestId=D0A1F42F-EE09-4EF5-83F2-96F6C88B9B71; BizId=448410368041399084^0; Code=OK; 
[2019-09-09 23:45:20] option  /app/index.php?i=3&c=entry&m=ewei_shopv2&do=mobile&r=account.verifycode mobile=0129189338; imgcode=0; temp=sms_reg; 
keyid=LTAI2k5XCMFE8oJS; keysecret=MFJ2rnF1RQj5AmB7wZ6PTshGKgWOXw; phonenumbers=0060129189338; signname=e加店; templatecode=SMS_157277478; templateparam={"code":"28232"}; 
[2019-09-09 23:45:20] result  /app/index.php?i=3&c=entry&m=ewei_shopv2&do=mobile&r=account.verifycode mobile=0129189338; imgcode=0; temp=sms_reg; 
Message=OK; RequestId=27957BCB-93E2-46C8-B77C-3EF2F3D2AA16; BizId=862721168043920596^0; Code=OK; 
