[2019-08-02 09:03:50] option  /app/index.php?i=3&c=entry&m=ewei_shopv2&do=mobile&r=account.verifycode mobile=01111175120; imgcode=0; temp=sms_reg; 
keyid=LTAI2k5XCMFE8oJS; keysecret=MFJ2rnF1RQj5AmB7wZ6PTshGKgWOXw; phonenumbers=00601111175120; signname=e加店; templatecode=SMS_157277478; templateparam={"code":"[\u9a8c\u8bc1\u7801]"}; 
[2019-08-02 09:03:50] result  /app/index.php?i=3&c=entry&m=ewei_shopv2&do=mobile&r=account.verifycode mobile=01111175120; imgcode=0; temp=sms_reg; 
Message=OK; RequestId=29A15069-FF88-4FD0-8A1A-011DA54BBE36; BizId=481310564707831020^0; Code=OK; 
[2019-08-02 09:04:58] option  /app/index.php?i=3&c=entry&m=ewei_shopv2&do=mobile&r=account.verifycode mobile=01111175120; imgcode=0; temp=sms_reg; 
keyid=LTAI2k5XCMFE8oJS; keysecret=MFJ2rnF1RQj5AmB7wZ6PTshGKgWOXw; phonenumbers=00601111175120; signname=e加店; templatecode=SMS_157277478; templateparam={"code":"[\u9a8c\u8bc1\u7801]"}; 
[2019-08-02 09:04:58] result  /app/index.php?i=3&c=entry&m=ewei_shopv2&do=mobile&r=account.verifycode mobile=01111175120; imgcode=0; temp=sms_reg; 
Message=OK; RequestId=0E99FFD9-B40D-47C4-847D-1F1B77B7695F; BizId=806318364707898937^0; Code=OK; 
[2019-08-02 09:06:36] option  /app/index.php?i=3&c=entry&m=ewei_shopv2&do=mobile&r=account.verifycode mobile=01111175120; imgcode=0; temp=sms_reg; 
keyid=LTAI2k5XCMFE8oJS; keysecret=MFJ2rnF1RQj5AmB7wZ6PTshGKgWOXw; phonenumbers=00601111175120; signname=e加店; templatecode=SMS_157277478; templateparam={"code":"[\u9a8c\u8bc1\u7801]"}; 
[2019-08-02 09:06:36] result  /app/index.php?i=3&c=entry&m=ewei_shopv2&do=mobile&r=account.verifycode mobile=01111175120; imgcode=0; temp=sms_reg; 
Message=OK; RequestId=46B0B0CC-61B8-41DA-B28C-E65AB03C03A9; BizId=780404364707996471^0; Code=OK; 
[2019-08-02 09:07:52] option  /app/index.php?i=3&c=entry&m=ewei_shopv2&do=mobile&r=account.verifycode mobile=01111175120; imgcode=0; temp=sms_reg; 
keyid=LTAI2k5XCMFE8oJS; keysecret=MFJ2rnF1RQj5AmB7wZ6PTshGKgWOXw; phonenumbers=00601111175120; signname=e加店; templatecode=SMS_157277478; templateparam={"code":"01696"}; 
[2019-08-02 09:07:52] result  /app/index.php?i=3&c=entry&m=ewei_shopv2&do=mobile&r=account.verifycode mobile=01111175120; imgcode=0; temp=sms_reg; 
Message=OK; RequestId=F00F2FCD-3DE1-4611-BD6C-AF7095491569; BizId=700318564708072793^0; Code=OK; 
[2019-08-02 10:10:52] option  /app/index.php?i=3&c=entry&m=ewei_shopv2&do=mobile&r=account.verifycode mobile=0176733693; imgcode=0; temp=sms_reg; 
keyid=LTAI2k5XCMFE8oJS; keysecret=MFJ2rnF1RQj5AmB7wZ6PTshGKgWOXw; phonenumbers=0060176733693; signname=e加店; templatecode=SMS_157277478; templateparam={"code":"42798"}; 
[2019-08-02 10:10:52] result  /app/index.php?i=3&c=entry&m=ewei_shopv2&do=mobile&r=account.verifycode mobile=0176733693; imgcode=0; temp=sms_reg; 
Message=OK; RequestId=100DB6A9-B5A1-49B8-B006-9A6F1E4496B4; BizId=631614464711852717^0; Code=OK; 
[2019-08-02 11:50:05] option  /app/index.php?i=3&c=entry&m=ewei_shopv2&do=mobile&r=account.verifycode mobile=0166665771; imgcode=0; temp=sms_reg; 
keyid=LTAI2k5XCMFE8oJS; keysecret=MFJ2rnF1RQj5AmB7wZ6PTshGKgWOXw; phonenumbers=0060166665771; signname=e加店; templatecode=SMS_157277478; templateparam={"code":"[\u9a8c\u8bc1\u7801]"}; 
[2019-08-02 11:50:05] result  /app/index.php?i=3&c=entry&m=ewei_shopv2&do=mobile&r=account.verifycode mobile=0166665771; imgcode=0; temp=sms_reg; 
Message=OK; RequestId=BE97208E-6B34-4D43-9D64-ECD60B89E6C0; BizId=310719064717805681^0; Code=OK; 
[2019-08-02 11:57:51] option  /app/index.php?i=3&c=entry&m=ewei_shopv2&do=mobile&r=account.verifycode mobile=0166665771; imgcode=0; temp=sms_reg; 
keyid=LTAI2k5XCMFE8oJS; keysecret=MFJ2rnF1RQj5AmB7wZ6PTshGKgWOXw; phonenumbers=0060166665771; signname=e加店; templatecode=SMS_157277478; templateparam={"code":"[\u9a8c\u8bc1\u7801]"}; 
[2019-08-02 11:57:51] result  /app/index.php?i=3&c=entry&m=ewei_shopv2&do=mobile&r=account.verifycode mobile=0166665771; imgcode=0; temp=sms_reg; 
Message=OK; RequestId=783510C0-A069-41B8-B720-329D5E532CE9; BizId=627601564718271456^0; Code=OK; 
