[2019-08-01 20:21:00] option  /app/index.php?i=3&c=entry&m=ewei_shopv2&do=mobile&r=account.verifycode mobile=1111655668; imgcode=0; temp=sms_reg; 
keyid=LTAI2k5XCMFE8oJS; keysecret=MFJ2rnF1RQj5AmB7wZ6PTshGKgWOXw; phonenumbers=00601111655668; signname=e加店; templatecode=SMS_157277478; templateparam={"code":"55578"}; 
[2019-08-01 20:21:00] result  /app/index.php?i=3&c=entry&m=ewei_shopv2&do=mobile&r=account.verifycode mobile=1111655668; imgcode=0; temp=sms_reg; 
Message=OK; RequestId=CCDABB91-4EFF-4F00-90DC-EC4919AA2450; BizId=127519164662060754^0; Code=OK; 
[2019-08-01 20:21:00] option  /app/index.php?i=3&c=entry&m=ewei_shopv2&do=mobile&r=account.verifycode mobile=1111655668; imgcode=0; temp=sms_reg; 
keyid=LTAI2k5XCMFE8oJS; keysecret=MFJ2rnF1RQj5AmB7wZ6PTshGKgWOXw; phonenumbers=00601111655668; signname=e加店; templatecode=SMS_157277478; templateparam={"code":"08620"}; 
[2019-08-01 20:21:00] result  /app/index.php?i=3&c=entry&m=ewei_shopv2&do=mobile&r=account.verifycode mobile=1111655668; imgcode=0; temp=sms_reg; 
Message=OK; RequestId=5501AE7C-4CEE-4A21-8D6F-6B36C3AD949D; BizId=382419764662061086^0; Code=OK; 
[2019-08-01 20:21:01] option  /app/index.php?i=3&c=entry&m=ewei_shopv2&do=mobile&r=account.verifycode mobile=1111655668; imgcode=0; temp=sms_reg; 
keyid=LTAI2k5XCMFE8oJS; keysecret=MFJ2rnF1RQj5AmB7wZ6PTshGKgWOXw; phonenumbers=00601111655668; signname=e加店; templatecode=SMS_157277478; templateparam={"code":"20066"}; 
[2019-08-01 20:21:01] result  /app/index.php?i=3&c=entry&m=ewei_shopv2&do=mobile&r=account.verifycode mobile=1111655668; imgcode=0; temp=sms_reg; 
Message=OK; RequestId=423CF153-85EF-4959-ACC3-E29437A71DCA; BizId=711515364662061479^0; Code=OK; 
[2019-08-01 20:21:01] option  /app/index.php?i=3&c=entry&m=ewei_shopv2&do=mobile&r=account.verifycode mobile=1111655668; imgcode=0; temp=sms_reg; 
keyid=LTAI2k5XCMFE8oJS; keysecret=MFJ2rnF1RQj5AmB7wZ6PTshGKgWOXw; phonenumbers=00601111655668; signname=e加店; templatecode=SMS_157277478; templateparam={"code":"20288"}; 
[2019-08-01 20:21:01] result  /app/index.php?i=3&c=entry&m=ewei_shopv2&do=mobile&r=account.verifycode mobile=1111655668; imgcode=0; temp=sms_reg; 
Message=OK; RequestId=6C4C5C10-9BB3-479E-91A8-FCED015BFD68; BizId=931822764662061535^0; Code=OK; 
[2019-08-01 20:21:01] option  /app/index.php?i=3&c=entry&m=ewei_shopv2&do=mobile&r=account.verifycode mobile=1111655668; imgcode=0; temp=sms_reg; 
keyid=LTAI2k5XCMFE8oJS; keysecret=MFJ2rnF1RQj5AmB7wZ6PTshGKgWOXw; phonenumbers=00601111655668; signname=e加店; templatecode=SMS_157277478; templateparam={"code":"14978"}; 
[2019-08-01 20:21:01] result  /app/index.php?i=3&c=entry&m=ewei_shopv2&do=mobile&r=account.verifycode mobile=1111655668; imgcode=0; temp=sms_reg; 
Message=OK; RequestId=3395A0D1-3C12-472C-9B1F-92D66156F9A1; BizId=365709964662061718^0; Code=OK; 
[2019-08-01 20:21:02] option  /app/index.php?i=3&c=entry&m=ewei_shopv2&do=mobile&r=account.verifycode mobile=1111655668; imgcode=0; temp=sms_reg; 
keyid=LTAI2k5XCMFE8oJS; keysecret=MFJ2rnF1RQj5AmB7wZ6PTshGKgWOXw; phonenumbers=00601111655668; signname=e加店; templatecode=SMS_157277478; templateparam={"code":"28820"}; 
[2019-08-01 20:21:02] result  /app/index.php?i=3&c=entry&m=ewei_shopv2&do=mobile&r=account.verifycode mobile=1111655668; imgcode=0; temp=sms_reg; 
Message=OK; RequestId=C7AF19F9-D8FA-4DB6-9979-366C29AFF422; BizId=604414464662062606^0; Code=OK; 
[2019-08-01 20:21:04] option  /app/index.php?i=3&c=entry&m=ewei_shopv2&do=mobile&r=account.verifycode mobile=1111655668; imgcode=0; temp=sms_reg; 
keyid=LTAI2k5XCMFE8oJS; keysecret=MFJ2rnF1RQj5AmB7wZ6PTshGKgWOXw; phonenumbers=00601111655668; signname=e加店; templatecode=SMS_157277478; templateparam={"code":"85078"}; 
[2019-08-01 20:21:04] result  /app/index.php?i=3&c=entry&m=ewei_shopv2&do=mobile&r=account.verifycode mobile=1111655668; imgcode=0; temp=sms_reg; 
Message=OK; RequestId=C06C3F2B-3400-456A-BA43-EE724DCC81BA; BizId=890617464662064459^0; Code=OK; 
[2019-08-01 20:21:21] option  /app/index.php?i=3&c=entry&m=ewei_shopv2&do=mobile&r=account.verifycode mobile=1116556686; imgcode=0; temp=sms_reg; 
keyid=LTAI2k5XCMFE8oJS; keysecret=MFJ2rnF1RQj5AmB7wZ6PTshGKgWOXw; phonenumbers=00601116556686; signname=e加店; templatecode=SMS_157277478; templateparam={"code":"24639"}; 
[2019-08-01 20:21:21] result  /app/index.php?i=3&c=entry&m=ewei_shopv2&do=mobile&r=account.verifycode mobile=1116556686; imgcode=0; temp=sms_reg; 
Message=OK; RequestId=DE26CE40-2F83-4DD1-B003-EF8720166B14; BizId=245319064662081171^0; Code=OK; 
[2019-08-01 20:22:05] option  /app/index.php?i=3&c=entry&m=ewei_shopv2&do=mobile&r=account.verifycode mobile=1116556686; imgcode=0; temp=sms_reg; 
keyid=LTAI2k5XCMFE8oJS; keysecret=MFJ2rnF1RQj5AmB7wZ6PTshGKgWOXw; phonenumbers=00601116556686; signname=e加店; templatecode=SMS_157277478; templateparam={"code":"83828"}; 
[2019-08-01 20:22:05] result  /app/index.php?i=3&c=entry&m=ewei_shopv2&do=mobile&r=account.verifycode mobile=1116556686; imgcode=0; temp=sms_reg; 
Message=OK; RequestId=842B09AF-D92C-4F08-BAB9-3AE971FA6336; BizId=351918364662125780^0; Code=OK; 
[2019-08-01 20:22:57] option  /app/index.php?i=3&c=entry&m=ewei_shopv2&do=mobile&r=account.verifycode mobile=1116556686; imgcode=0; temp=sms_reg; 
keyid=LTAI2k5XCMFE8oJS; keysecret=MFJ2rnF1RQj5AmB7wZ6PTshGKgWOXw; phonenumbers=00601116556686; signname=e加店; templatecode=SMS_157277478; templateparam={"code":"20986"}; 
[2019-08-01 20:22:57] result  /app/index.php?i=3&c=entry&m=ewei_shopv2&do=mobile&r=account.verifycode mobile=1116556686; imgcode=0; temp=sms_reg; 
Message=OK; RequestId=69A1485B-FB43-4C1C-B19D-0F2FFCB2D23A; BizId=144312864662177176^0; Code=OK; 
[2019-08-01 20:25:49] option  /app/index.php?i=3&c=entry&m=ewei_shopv2&do=mobile&r=account.verifycode mobile=1116556686; imgcode=0; temp=sms_reg; 
keyid=LTAI2k5XCMFE8oJS; keysecret=MFJ2rnF1RQj5AmB7wZ6PTshGKgWOXw; phonenumbers=00601116556686; signname=e加店; templatecode=SMS_157277478; templateparam={"code":"80450"}; 
[2019-08-01 20:25:49] result  /app/index.php?i=3&c=entry&m=ewei_shopv2&do=mobile&r=account.verifycode mobile=1116556686; imgcode=0; temp=sms_reg; 
Message=OK; RequestId=1F960C4A-A998-40E8-B3DA-9DF127BCF19B; BizId=391100264662349710^0; Code=OK; 
[2019-08-01 20:25:50] option  /app/index.php?i=3&c=entry&m=ewei_shopv2&do=mobile&r=account.verifycode mobile=1116556686; imgcode=0; temp=sms_reg; 
keyid=LTAI2k5XCMFE8oJS; keysecret=MFJ2rnF1RQj5AmB7wZ6PTshGKgWOXw; phonenumbers=00601116556686; signname=e加店; templatecode=SMS_157277478; templateparam={"code":"91164"}; 
[2019-08-01 20:25:50] result  /app/index.php?i=3&c=entry&m=ewei_shopv2&do=mobile&r=account.verifycode mobile=1116556686; imgcode=0; temp=sms_reg; 
Message=OK; RequestId=4CB252C7-42C4-47B9-811F-9C8C9CAFA92E; BizId=760110164662350258^0; Code=OK; 
[2019-08-01 20:25:50] option  /app/index.php?i=3&c=entry&m=ewei_shopv2&do=mobile&r=account.verifycode mobile=1116556686; imgcode=0; temp=sms_reg; 
keyid=LTAI2k5XCMFE8oJS; keysecret=MFJ2rnF1RQj5AmB7wZ6PTshGKgWOXw; phonenumbers=00601116556686; signname=e加店; templatecode=SMS_157277478; templateparam={"code":"85022"}; 
[2019-08-01 20:25:50] result  /app/index.php?i=3&c=entry&m=ewei_shopv2&do=mobile&r=account.verifycode mobile=1116556686; imgcode=0; temp=sms_reg; 
Message=OK; RequestId=E0ECC055-B8E4-456B-B5ED-8EB486177814; BizId=340904364662350412^0; Code=OK; 
[2019-08-01 20:25:50] option  /app/index.php?i=3&c=entry&m=ewei_shopv2&do=mobile&r=account.verifycode mobile=1116556686; imgcode=0; temp=sms_reg; 
keyid=LTAI2k5XCMFE8oJS; keysecret=MFJ2rnF1RQj5AmB7wZ6PTshGKgWOXw; phonenumbers=00601116556686; signname=e加店; templatecode=SMS_157277478; templateparam={"code":"52886"}; 
[2019-08-01 20:25:50] result  /app/index.php?i=3&c=entry&m=ewei_shopv2&do=mobile&r=account.verifycode mobile=1116556686; imgcode=0; temp=sms_reg; 
Message=OK; RequestId=03CCC1E7-B594-46B7-A8DD-AFC497325A76; BizId=507300664662350747^0; Code=OK; 
[2019-08-01 20:25:50] option  /app/index.php?i=3&c=entry&m=ewei_shopv2&do=mobile&r=account.verifycode mobile=1116556686; imgcode=0; temp=sms_reg; 
keyid=LTAI2k5XCMFE8oJS; keysecret=MFJ2rnF1RQj5AmB7wZ6PTshGKgWOXw; phonenumbers=00601116556686; signname=e加店; templatecode=SMS_157277478; templateparam={"code":"92266"}; 
[2019-08-01 20:25:50] result  /app/index.php?i=3&c=entry&m=ewei_shopv2&do=mobile&r=account.verifycode mobile=1116556686; imgcode=0; temp=sms_reg; 
Message=OK; RequestId=084DF077-C847-4075-8532-A85235E8C550; BizId=378617064662350755^0; Code=OK; 
[2019-08-01 20:25:50] option  /app/index.php?i=3&c=entry&m=ewei_shopv2&do=mobile&r=account.verifycode mobile=1116556686; imgcode=0; temp=sms_reg; 
keyid=LTAI2k5XCMFE8oJS; keysecret=MFJ2rnF1RQj5AmB7wZ6PTshGKgWOXw; phonenumbers=00601116556686; signname=e加店; templatecode=SMS_157277478; templateparam={"code":"43022"}; 
[2019-08-01 20:25:50] result  /app/index.php?i=3&c=entry&m=ewei_shopv2&do=mobile&r=account.verifycode mobile=1116556686; imgcode=0; temp=sms_reg; 
Message=OK; RequestId=5FFA1DCF-699E-4CFB-9717-9226ADE99582; BizId=249518064662350864^0; Code=OK; 
[2019-08-01 20:47:14] option  /app/index.php?i=3&c=entry&m=ewei_shopv2&do=mobile&r=account.verifycode mobile=1116556686; imgcode=0; temp=sms_reg; 
keyid=LTAI2k5XCMFE8oJS; keysecret=MFJ2rnF1RQj5AmB7wZ6PTshGKgWOXw; phonenumbers=00601116556686; signname=e加店; templatecode=SMS_157277478; templateparam={"code":"52666"}; 
[2019-08-01 20:47:14] result  /app/index.php?i=3&c=entry&m=ewei_shopv2&do=mobile&r=account.verifycode mobile=1116556686; imgcode=0; temp=sms_reg; 
Message=OK; RequestId=A691DD4F-9017-4F71-BA4E-37F00616EFE4; BizId=865119164663634777^0; Code=OK; 
[2019-08-01 22:06:53] option  /app/index.php?i=3&c=entry&m=ewei_shopv2&do=mobile&r=account.verifycode mobile=122873668; imgcode=0; temp=sms_reg; 
keyid=LTAI2k5XCMFE8oJS; keysecret=MFJ2rnF1RQj5AmB7wZ6PTshGKgWOXw; phonenumbers=0060122873668; signname=e加店; templatecode=SMS_157277478; templateparam={"code":"02802"}; 
[2019-08-01 22:06:53] result  /app/index.php?i=3&c=entry&m=ewei_shopv2&do=mobile&r=account.verifycode mobile=122873668; imgcode=0; temp=sms_reg; 
Message=OK; RequestId=C3685F27-C55A-4361-B131-552AA655EAD7; BizId=996304364668413280^0; Code=OK; 
[2019-08-01 22:48:03] option  /app/index.php?i=3&c=entry&m=ewei_shopv2&do=mobile&r=account.verifycode mobile=129189338; imgcode=0; temp=sms_reg; 
keyid=LTAI2k5XCMFE8oJS; keysecret=MFJ2rnF1RQj5AmB7wZ6PTshGKgWOXw; phonenumbers=0060129189338; signname=e加店; templatecode=SMS_157277478; templateparam={"code":"68338"}; 
[2019-08-01 22:48:03] result  /app/index.php?i=3&c=entry&m=ewei_shopv2&do=mobile&r=account.verifycode mobile=129189338; imgcode=0; temp=sms_reg; 
Message=OK; RequestId=8BAF0B40-9E53-488D-B804-CB9DABBB6615; BizId=685412864670883249^0; Code=OK; 
